avr. 03, 2016 10:37:55 AM org.eclipse.birt.data.engine.odaconsumer.ConnectionManager openConnection
GRAVE: Unable to open connection.
org.eclipse.birt.report.data.oda.jdbc.JDBCException: There is an error in get connection, Communications link failure

The last packet sent successfully to the server was 0 milliseconds ago. The driver has not received any packets from the server.. ;
    org.eclipse.datatools.connectivity.oda.OdaException: Unable to find or access the named profile (Funio) in profile store path (ConnectionProfileStore).
	at org.eclipse.birt.report.data.oda.jdbc.JDBCDriverManager.doConnect(JDBCDriverManager.java:339)
	at org.eclipse.birt.report.data.oda.jdbc.JDBCDriverManager.getConnection(JDBCDriverManager.java:236)
	at org.eclipse.birt.report.data.oda.jdbc.Connection.connectByUrl(Connection.java:254)
	at org.eclipse.birt.report.data.oda.jdbc.Connection.open(Connection.java:163)
	at org.eclipse.datatools.connectivity.oda.consumer.helper.OdaConnection.open(OdaConnection.java:250)
	at org.eclipse.birt.data.engine.odaconsumer.ConnectionManager.openConnection(ConnectionManager.java:165)
	at org.eclipse.birt.data.engine.executor.DataSource.newConnection(DataSource.java:224)
	at org.eclipse.birt.data.engine.executor.DataSource.open(DataSource.java:212)
	at org.eclipse.birt.data.engine.impl.DataSourceRuntime.openOdiDataSource(DataSourceRuntime.java:217)
	at org.eclipse.birt.data.engine.impl.QueryExecutor.openDataSource(QueryExecutor.java:437)
	at org.eclipse.birt.data.engine.impl.QueryExecutor.prepareExecution(QueryExecutor.java:325)
	at org.eclipse.birt.data.engine.impl.PreparedQuery.doPrepare(PreparedQuery.java:463)
	at org.eclipse.birt.data.engine.impl.PreparedDataSourceQuery.produceQueryResults(PreparedDataSourceQuery.java:190)
	at org.eclipse.birt.data.engine.impl.PreparedDataSourceQuery.execute(PreparedDataSourceQuery.java:178)
	at org.eclipse.birt.data.engine.impl.PreparedOdaDSQuery.execute(PreparedOdaDSQuery.java:179)
	at org.eclipse.birt.data.engine.impl.PreparedDataSourceQuery.execute(PreparedDataSourceQuery.java:159)
	at org.eclipse.birt.data.engine.impl.PreparedJointDataSourceQuery.populatePreparedQuery(PreparedJointDataSourceQuery.java:557)
	at org.eclipse.birt.data.engine.impl.PreparedJointDataSourceQuery.populatePreparedQuery(PreparedJointDataSourceQuery.java:495)
	at org.eclipse.birt.data.engine.impl.PreparedJointDataSourceQuery.access$2(PreparedJointDataSourceQuery.java:493)
	at org.eclipse.birt.data.engine.impl.PreparedJointDataSourceQuery$JointDataSetQueryExecutor.createOdiQuery(PreparedJointDataSourceQuery.java:589)
	at org.eclipse.birt.data.engine.impl.QueryExecutor.prepareExecution(QueryExecutor.java:333)
	at org.eclipse.birt.data.engine.impl.PreparedQuery.doPrepare(PreparedQuery.java:463)
	at org.eclipse.birt.data.engine.impl.PreparedDataSourceQuery.produceQueryResults(PreparedDataSourceQuery.java:190)
	at org.eclipse.birt.data.engine.impl.PreparedDataSourceQuery.execute(PreparedDataSourceQuery.java:178)
	at org.eclipse.birt.data.engine.impl.PreparedDataSourceQuery.execute(PreparedDataSourceQuery.java:159)
	at org.eclipse.birt.data.engine.impl.PreparedJointDataSourceQuery.populatePreparedQuery(PreparedJointDataSourceQuery.java:557)
	at org.eclipse.birt.data.engine.impl.PreparedJointDataSourceQuery.populatePreparedQuery(PreparedJointDataSourceQuery.java:495)
	at org.eclipse.birt.data.engine.impl.PreparedJointDataSourceQuery.access$2(PreparedJointDataSourceQuery.java:493)
	at org.eclipse.birt.data.engine.impl.PreparedJointDataSourceQuery$JointDataSetQueryExecutor.createOdiQuery(PreparedJointDataSourceQuery.java:589)
	at org.eclipse.birt.data.engine.impl.QueryExecutor.prepareExecution(QueryExecutor.java:333)
	at org.eclipse.birt.data.engine.impl.PreparedQuery.doPrepare(PreparedQuery.java:463)
	at org.eclipse.birt.data.engine.impl.PreparedDataSourceQuery.produceQueryResults(PreparedDataSourceQuery.java:190)
	at org.eclipse.birt.data.engine.impl.PreparedDataSourceQuery.execute(PreparedDataSourceQuery.java:178)
	at org.eclipse.birt.data.engine.impl.PreparedDataSourceQuery.execute(PreparedDataSourceQuery.java:159)
	at org.eclipse.birt.data.engine.impl.PreparedJointDataSourceQuery.populatePreparedQuery(PreparedJointDataSourceQuery.java:557)
	at org.eclipse.birt.data.engine.impl.PreparedJointDataSourceQuery.populatePreparedQuery(PreparedJointDataSourceQuery.java:495)
	at org.eclipse.birt.data.engine.impl.PreparedJointDataSourceQuery.access$2(PreparedJointDataSourceQuery.java:493)
	at org.eclipse.birt.data.engine.impl.PreparedJointDataSourceQuery$JointDataSetQueryExecutor.createOdiQuery(PreparedJointDataSourceQuery.java:589)
	at org.eclipse.birt.data.engine.impl.QueryExecutor.prepareExecution(QueryExecutor.java:333)
	at org.eclipse.birt.data.engine.impl.PreparedQuery.doPrepare(PreparedQuery.java:463)
	at org.eclipse.birt.data.engine.impl.PreparedDataSourceQuery.produceQueryResults(PreparedDataSourceQuery.java:190)
	at org.eclipse.birt.data.engine.impl.PreparedDataSourceQuery.execute(PreparedDataSourceQuery.java:178)
	at org.eclipse.birt.report.data.adapter.impl.DataRequestSessionImpl.execute(DataRequestSessionImpl.java:651)
	at org.eclipse.birt.report.engine.data.dte.DteDataEngine.doExecuteQuery(DteDataEngine.java:152)
	at org.eclipse.birt.report.engine.data.dte.DataGenerationEngine.doExecuteQuery(DataGenerationEngine.java:83)
	at org.eclipse.birt.report.engine.data.dte.AbstractDataEngine.execute(AbstractDataEngine.java:285)
	at org.eclipse.birt.report.engine.executor.ExecutionContext.executeQuery(ExecutionContext.java:1947)
	at org.eclipse.birt.report.engine.executor.QueryItemExecutor.executeQuery(QueryItemExecutor.java:80)
	at org.eclipse.birt.report.engine.executor.GridItemExecutor.execute(GridItemExecutor.java:65)
	at org.eclipse.birt.report.engine.internal.executor.wrap.WrappedReportItemExecutor.execute(WrappedReportItemExecutor.java:46)
	at org.eclipse.birt.report.engine.internal.executor.emitter.ReportItemEmitterExecutor.execute(ReportItemEmitterExecutor.java:46)
	at org.eclipse.birt.report.engine.internal.executor.dup.SuppressDuplicateItemExecutor.execute(SuppressDuplicateItemExecutor.java:43)
	at org.eclipse.birt.report.engine.internal.executor.wrap.WrappedReportItemExecutor.execute(WrappedReportItemExecutor.java:46)
	at org.eclipse.birt.report.engine.internal.executor.l18n.LocalizedReportItemExecutor.execute(LocalizedReportItemExecutor.java:34)
	at org.eclipse.birt.report.engine.layout.html.HTMLBlockStackingLM.layoutNodes(HTMLBlockStackingLM.java:65)
	at org.eclipse.birt.report.engine.layout.html.HTMLPageLM.layout(HTMLPageLM.java:92)
	at org.eclipse.birt.report.engine.layout.html.HTMLReportLayoutEngine.layout(HTMLReportLayoutEngine.java:100)
	at org.eclipse.birt.report.engine.presentation.ReportDocumentBuilder.build(ReportDocumentBuilder.java:249)
	at org.eclipse.birt.report.engine.api.impl.RunTask.doRun(RunTask.java:273)
	at org.eclipse.birt.report.engine.api.impl.RunTask.run(RunTask.java:89)
	at org.eclipse.birt.report.service.ReportEngineService.runReport(ReportEngineService.java:1325)
	at org.eclipse.birt.report.service.BirtViewerReportService.runReport(BirtViewerReportService.java:159)
	at org.eclipse.birt.report.service.actionhandler.BirtRunReportActionHandler.__execute(BirtRunReportActionHandler.java:81)
	at org.eclipse.birt.report.service.actionhandler.BirtChangeParameterActionHandler.runReport(BirtChangeParameterActionHandler.java:58)
	at org.eclipse.birt.report.service.actionhandler.AbstractChangeParameterActionHandler.__execute(AbstractChangeParameterActionHandler.java:52)
	at org.eclipse.birt.report.service.actionhandler.AbstractBaseActionHandler.execute(AbstractBaseActionHandler.java:90)
	at org.eclipse.birt.report.soapengine.processor.AbstractBaseDocumentProcessor.__executeAction(AbstractBaseDocumentProcessor.java:47)
	at org.eclipse.birt.report.soapengine.processor.AbstractBaseComponentProcessor.executeAction(AbstractBaseComponentProcessor.java:143)
	at org.eclipse.birt.report.soapengine.processor.BirtDocumentProcessor.handleChangeParameter(BirtDocumentProcessor.java:100)
	at sun.reflect.NativeMethodAccessorImpl.invoke0(Native Method)
	at sun.reflect.NativeMethodAccessorImpl.invoke(NativeMethodAccessorImpl.java:62)
	at sun.reflect.DelegatingMethodAccessorImpl.invoke(DelegatingMethodAccessorImpl.java:43)
	at java.lang.reflect.Method.invoke(Method.java:497)
	at org.eclipse.birt.report.soapengine.processor.AbstractBaseComponentProcessor.process(AbstractBaseComponentProcessor.java:112)
	at org.eclipse.birt.report.soapengine.endpoint.BirtSoapBindingImpl.getUpdatedObjects(BirtSoapBindingImpl.java:66)
	at sun.reflect.NativeMethodAccessorImpl.invoke0(Native Method)
	at sun.reflect.NativeMethodAccessorImpl.invoke(NativeMethodAccessorImpl.java:62)
	at sun.reflect.DelegatingMethodAccessorImpl.invoke(DelegatingMethodAccessorImpl.java:43)
	at java.lang.reflect.Method.invoke(Method.java:497)
	at org.apache.axis.providers.java.RPCProvider.invokeMethod(RPCProvider.java:397)
	at org.apache.axis.providers.java.RPCProvider.processMessage(RPCProvider.java:186)
	at org.apache.axis.providers.java.JavaProvider.invoke(JavaProvider.java:323)
	at org.apache.axis.strategies.InvocationStrategy.visit(InvocationStrategy.java:32)
	at org.apache.axis.SimpleChain.doVisiting(SimpleChain.java:118)
	at org.apache.axis.SimpleChain.invoke(SimpleChain.java:83)
	at org.apache.axis.handlers.soap.SOAPService.invoke(SOAPService.java:454)
	at org.apache.axis.server.AxisServer.invoke(AxisServer.java:281)
	at org.apache.axis.transport.http.AxisServlet.doPost(AxisServlet.java:699)
	at org.eclipse.birt.report.servlet.BirtSoapMessageDispatcherServlet.doPost(BirtSoapMessageDispatcherServlet.java:265)
	at javax.servlet.http.HttpServlet.service(HttpServlet.java:707)
	at org.apache.axis.transport.http.AxisServletBase.service(AxisServletBase.java:327)
	at javax.servlet.http.HttpServlet.service(HttpServlet.java:790)
	at org.eclipse.birt.report.servlet.BirtSoapMessageDispatcherServlet.service(BirtSoapMessageDispatcherServlet.java:122)
	at org.eclipse.equinox.http.registry.internal.ServletManager$ServletWrapper.service(ServletManager.java:180)
	at org.eclipse.equinox.http.servlet.internal.HttpServiceRuntimeImpl$LegacyServlet.service(HttpServiceRuntimeImpl.java:1232)
	at org.eclipse.equinox.http.servlet.internal.registration.EndpointRegistration.service(EndpointRegistration.java:153)
	at org.eclipse.equinox.http.servlet.internal.servlet.ResponseStateHandler.processRequest(ResponseStateHandler.java:63)
	at org.eclipse.equinox.http.servlet.internal.context.DispatchTargets.doDispatch(DispatchTargets.java:98)
	at org.eclipse.equinox.http.servlet.internal.HttpServiceRuntimeImpl.doDispatch(HttpServiceRuntimeImpl.java:372)
	at org.eclipse.equinox.http.servlet.internal.servlet.ProxyServlet.service(ProxyServlet.java:70)
	at javax.servlet.http.HttpServlet.service(HttpServlet.java:790)
	at org.eclipse.equinox.http.jetty.internal.HttpServerManager$InternalHttpServiceServlet.service(HttpServerManager.java:357)
	at org.eclipse.jetty.servlet.ServletHolder.handle(ServletHolder.java:808)
	at org.eclipse.jetty.servlet.ServletHandler.doHandle(ServletHandler.java:587)
	at org.eclipse.jetty.server.session.SessionHandler.doHandle(SessionHandler.java:221)
	at org.eclipse.jetty.server.handler.ContextHandler.doHandle(ContextHandler.java:1127)
	at org.eclipse.jetty.servlet.ServletHandler.doScope(ServletHandler.java:515)
	at org.eclipse.jetty.server.session.SessionHandler.doScope(SessionHandler.java:185)
	at org.eclipse.jetty.server.handler.ContextHandler.doScope(ContextHandler.java:1061)
	at org.eclipse.jetty.server.handler.ScopedHandler.handle(ScopedHandler.java:141)
	at org.eclipse.jetty.server.handler.HandlerWrapper.handle(HandlerWrapper.java:97)
	at org.eclipse.jetty.server.Server.handle(Server.java:499)
	at org.eclipse.jetty.server.HttpChannel.handle(HttpChannel.java:310)
	at org.eclipse.jetty.server.HttpConnection.onFillable(HttpConnection.java:257)
	at org.eclipse.jetty.io.AbstractConnection$2.run(AbstractConnection.java:540)
	at org.eclipse.jetty.util.thread.QueuedThreadPool.runJob(QueuedThreadPool.java:635)
	at org.eclipse.jetty.util.thread.QueuedThreadPool$3.run(QueuedThreadPool.java:555)
	at java.lang.Thread.run(Thread.java:745)

avr. 03, 2016 10:37:55 AM org.eclipse.birt.data.engine.odaconsumer.ConnectionManager openConnection
GRAVE: Unable to open connection.
org.eclipse.birt.report.data.oda.jdbc.JDBCException: There is an error in get connection, Communications link failure

The last packet sent successfully to the server was 0 milliseconds ago. The driver has not received any packets from the server.. ;
    org.eclipse.datatools.connectivity.oda.OdaException: Unable to find or access the named profile (Funio) in profile store path (ConnectionProfileStore).
	at org.eclipse.birt.report.data.oda.jdbc.JDBCDriverManager.doConnect(JDBCDriverManager.java:339)
	at org.eclipse.birt.report.data.oda.jdbc.JDBCDriverManager.getConnection(JDBCDriverManager.java:236)
	at org.eclipse.birt.report.data.oda.jdbc.Connection.connectByUrl(Connection.java:254)
	at org.eclipse.birt.report.data.oda.jdbc.Connection.open(Connection.java:163)
	at org.eclipse.datatools.connectivity.oda.consumer.helper.OdaConnection.open(OdaConnection.java:250)
	at org.eclipse.birt.data.engine.odaconsumer.ConnectionManager.openConnection(ConnectionManager.java:165)
	at org.eclipse.birt.data.engine.executor.DataSource.newConnection(DataSource.java:224)
	at org.eclipse.birt.data.engine.executor.DataSource.open(DataSource.java:212)
	at org.eclipse.birt.data.engine.impl.DataSourceRuntime.openOdiDataSource(DataSourceRuntime.java:217)
	at org.eclipse.birt.data.engine.impl.QueryExecutor.openDataSource(QueryExecutor.java:437)
	at org.eclipse.birt.data.engine.impl.QueryExecutor.prepareExecution(QueryExecutor.java:325)
	at org.eclipse.birt.data.engine.impl.PreparedQuery.doPrepare(PreparedQuery.java:463)
	at org.eclipse.birt.data.engine.impl.PreparedDataSourceQuery.produceQueryResults(PreparedDataSourceQuery.java:190)
	at org.eclipse.birt.data.engine.impl.PreparedDataSourceQuery.execute(PreparedDataSourceQuery.java:178)
	at org.eclipse.birt.data.engine.impl.PreparedOdaDSQuery.execute(PreparedOdaDSQuery.java:179)
	at org.eclipse.birt.data.engine.impl.PreparedDataSourceQuery.execute(PreparedDataSourceQuery.java:159)
	at org.eclipse.birt.data.engine.impl.PreparedJointDataSourceQuery.populatePreparedQuery(PreparedJointDataSourceQuery.java:557)
	at org.eclipse.birt.data.engine.impl.PreparedJointDataSourceQuery.populatePreparedQuery(PreparedJointDataSourceQuery.java:495)
	at org.eclipse.birt.data.engine.impl.PreparedJointDataSourceQuery.access$2(PreparedJointDataSourceQuery.java:493)
	at org.eclipse.birt.data.engine.impl.PreparedJointDataSourceQuery$JointDataSetQueryExecutor.createOdiQuery(PreparedJointDataSourceQuery.java:589)
	at org.eclipse.birt.data.engine.impl.QueryExecutor.prepareExecution(QueryExecutor.java:333)
	at org.eclipse.birt.data.engine.impl.PreparedQuery.doPrepare(PreparedQuery.java:463)
	at org.eclipse.birt.data.engine.impl.PreparedDataSourceQuery.produceQueryResults(PreparedDataSourceQuery.java:190)
	at org.eclipse.birt.data.engine.impl.PreparedDataSourceQuery.execute(PreparedDataSourceQuery.java:178)
	at org.eclipse.birt.data.engine.impl.PreparedDataSourceQuery.execute(PreparedDataSourceQuery.java:159)
	at org.eclipse.birt.data.engine.impl.PreparedJointDataSourceQuery.populatePreparedQuery(PreparedJointDataSourceQuery.java:557)
	at org.eclipse.birt.data.engine.impl.PreparedJointDataSourceQuery.populatePreparedQuery(PreparedJointDataSourceQuery.java:495)
	at org.eclipse.birt.data.engine.impl.PreparedJointDataSourceQuery.access$2(PreparedJointDataSourceQuery.java:493)
	at org.eclipse.birt.data.engine.impl.PreparedJointDataSourceQuery$JointDataSetQueryExecutor.createOdiQuery(PreparedJointDataSourceQuery.java:589)
	at org.eclipse.birt.data.engine.impl.QueryExecutor.prepareExecution(QueryExecutor.java:333)
	at org.eclipse.birt.data.engine.impl.PreparedQuery.doPrepare(PreparedQuery.java:463)
	at org.eclipse.birt.data.engine.impl.PreparedDataSourceQuery.produceQueryResults(PreparedDataSourceQuery.java:190)
	at org.eclipse.birt.data.engine.impl.PreparedDataSourceQuery.execute(PreparedDataSourceQuery.java:178)
	at org.eclipse.birt.data.engine.impl.PreparedDataSourceQuery.execute(PreparedDataSourceQuery.java:159)
	at org.eclipse.birt.data.engine.impl.PreparedJointDataSourceQuery.populatePreparedQuery(PreparedJointDataSourceQuery.java:557)
	at org.eclipse.birt.data.engine.impl.PreparedJointDataSourceQuery.populatePreparedQuery(PreparedJointDataSourceQuery.java:495)
	at org.eclipse.birt.data.engine.impl.PreparedJointDataSourceQuery.access$2(PreparedJointDataSourceQuery.java:493)
	at org.eclipse.birt.data.engine.impl.PreparedJointDataSourceQuery$JointDataSetQueryExecutor.createOdiQuery(PreparedJointDataSourceQuery.java:589)
	at org.eclipse.birt.data.engine.impl.QueryExecutor.prepareExecution(QueryExecutor.java:333)
	at org.eclipse.birt.data.engine.impl.PreparedQuery.doPrepare(PreparedQuery.java:463)
	at org.eclipse.birt.data.engine.impl.PreparedDataSourceQuery.produceQueryResults(PreparedDataSourceQuery.java:190)
	at org.eclipse.birt.data.engine.impl.PreparedDataSourceQuery.execute(PreparedDataSourceQuery.java:178)
	at org.eclipse.birt.data.engine.impl.PreparedDataSourceQuery.execute(PreparedDataSourceQuery.java:159)
	at org.eclipse.birt.data.engine.impl.PreparedDataSourceQuery.execute(PreparedDataSourceQuery.java:142)
	at org.eclipse.birt.report.data.adapter.impl.DataSetIterator.executeQuery(DataSetIterator.java:87)
	at org.eclipse.birt.report.data.adapter.impl.DataSetIterator.<init>(DataSetIterator.java:125)
	at org.eclipse.birt.report.data.adapter.impl.DataRequestSessionImpl.populateDimension(DataRequestSessionImpl.java:1486)
	at org.eclipse.birt.report.data.adapter.impl.DataRequestSessionImpl.populateDimensions(DataRequestSessionImpl.java:1359)
	at org.eclipse.birt.report.data.adapter.impl.DataRequestSessionImpl.createCube(DataRequestSessionImpl.java:853)
	at org.eclipse.birt.report.data.adapter.impl.DataRequestSessionImpl.materializeCube(DataRequestSessionImpl.java:794)
	at org.eclipse.birt.report.data.adapter.impl.DataRequestSessionImpl.execute(DataRequestSessionImpl.java:660)
	at org.eclipse.birt.report.engine.data.dte.DteDataEngine.doExecuteCube(DteDataEngine.java:233)
	at org.eclipse.birt.report.engine.data.dte.DataGenerationEngine.doExecuteCube(DataGenerationEngine.java:96)
	at org.eclipse.birt.report.engine.data.dte.AbstractDataEngine.execute(AbstractDataEngine.java:290)
	at org.eclipse.birt.report.engine.executor.ExtendedGenerateExecutor.executeQueries(ExtendedGenerateExecutor.java:205)
	at org.eclipse.birt.report.engine.executor.ExtendedGenerateExecutor.execute(ExtendedGenerateExecutor.java:65)
	at org.eclipse.birt.report.engine.executor.ExtendedItemExecutor.execute(ExtendedItemExecutor.java:62)
	at org.eclipse.birt.report.engine.internal.executor.wrap.WrappedReportItemExecutor.execute(WrappedReportItemExecutor.java:46)
	at org.eclipse.birt.report.engine.internal.executor.emitter.ReportItemEmitterExecutor.execute(ReportItemEmitterExecutor.java:46)
	at org.eclipse.birt.report.engine.internal.executor.dup.SuppressDuplicateItemExecutor.execute(SuppressDuplicateItemExecutor.java:43)
	at org.eclipse.birt.report.engine.internal.executor.wrap.WrappedReportItemExecutor.execute(WrappedReportItemExecutor.java:46)
	at org.eclipse.birt.report.engine.internal.executor.l18n.LocalizedReportItemExecutor.execute(LocalizedReportItemExecutor.java:34)
	at org.eclipse.birt.report.engine.layout.html.HTMLBlockStackingLM.layoutNodes(HTMLBlockStackingLM.java:65)
	at org.eclipse.birt.report.engine.layout.html.HTMLStackingLM.layoutChildren(HTMLStackingLM.java:26)
	at org.eclipse.birt.report.engine.layout.html.HTMLAbstractLM.layout(HTMLAbstractLM.java:140)
	at org.eclipse.birt.report.engine.layout.html.HTMLInlineStackingLM.resumeLayout(HTMLInlineStackingLM.java:111)
	at org.eclipse.birt.report.engine.layout.html.HTMLInlineStackingLM.layoutNodes(HTMLInlineStackingLM.java:160)
	at org.eclipse.birt.report.engine.layout.html.HTMLStackingLM.layoutChildren(HTMLStackingLM.java:26)
	at org.eclipse.birt.report.engine.layout.html.HTMLAbstractLM.layout(HTMLAbstractLM.java:140)
	at org.eclipse.birt.report.engine.layout.html.HTMLBlockStackingLM.layoutNodes(HTMLBlockStackingLM.java:70)
	at org.eclipse.birt.report.engine.layout.html.HTMLStackingLM.layoutChildren(HTMLStackingLM.java:26)
	at org.eclipse.birt.report.engine.layout.html.HTMLRepeatHeaderLM.layoutChildren(HTMLRepeatHeaderLM.java:46)
	at org.eclipse.birt.report.engine.layout.html.HTMLAbstractLM.layout(HTMLAbstractLM.java:140)
	at org.eclipse.birt.report.engine.layout.html.HTMLBlockStackingLM.layoutNodes(HTMLBlockStackingLM.java:70)
	at org.eclipse.birt.report.engine.layout.html.HTMLPageLM.layout(HTMLPageLM.java:92)
	at org.eclipse.birt.report.engine.layout.html.HTMLReportLayoutEngine.layout(HTMLReportLayoutEngine.java:100)
	at org.eclipse.birt.report.engine.presentation.ReportDocumentBuilder.build(ReportDocumentBuilder.java:249)
	at org.eclipse.birt.report.engine.api.impl.RunTask.doRun(RunTask.java:273)
	at org.eclipse.birt.report.engine.api.impl.RunTask.run(RunTask.java:89)
	at org.eclipse.birt.report.service.ReportEngineService.runReport(ReportEngineService.java:1325)
	at org.eclipse.birt.report.service.BirtViewerReportService.runReport(BirtViewerReportService.java:159)
	at org.eclipse.birt.report.service.actionhandler.BirtRunReportActionHandler.__execute(BirtRunReportActionHandler.java:81)
	at org.eclipse.birt.report.service.actionhandler.BirtChangeParameterActionHandler.runReport(BirtChangeParameterActionHandler.java:58)
	at org.eclipse.birt.report.service.actionhandler.AbstractChangeParameterActionHandler.__execute(AbstractChangeParameterActionHandler.java:52)
	at org.eclipse.birt.report.service.actionhandler.AbstractBaseActionHandler.execute(AbstractBaseActionHandler.java:90)
	at org.eclipse.birt.report.soapengine.processor.AbstractBaseDocumentProcessor.__executeAction(AbstractBaseDocumentProcessor.java:47)
	at org.eclipse.birt.report.soapengine.processor.AbstractBaseComponentProcessor.executeAction(AbstractBaseComponentProcessor.java:143)
	at org.eclipse.birt.report.soapengine.processor.BirtDocumentProcessor.handleChangeParameter(BirtDocumentProcessor.java:100)
	at sun.reflect.NativeMethodAccessorImpl.invoke0(Native Method)
	at sun.reflect.NativeMethodAccessorImpl.invoke(NativeMethodAccessorImpl.java:62)
	at sun.reflect.DelegatingMethodAccessorImpl.invoke(DelegatingMethodAccessorImpl.java:43)
	at java.lang.reflect.Method.invoke(Method.java:497)
	at org.eclipse.birt.report.soapengine.processor.AbstractBaseComponentProcessor.process(AbstractBaseComponentProcessor.java:112)
	at org.eclipse.birt.report.soapengine.endpoint.BirtSoapBindingImpl.getUpdatedObjects(BirtSoapBindingImpl.java:66)
	at sun.reflect.NativeMethodAccessorImpl.invoke0(Native Method)
	at sun.reflect.NativeMethodAccessorImpl.invoke(NativeMethodAccessorImpl.java:62)
	at sun.reflect.DelegatingMethodAccessorImpl.invoke(DelegatingMethodAccessorImpl.java:43)
	at java.lang.reflect.Method.invoke(Method.java:497)
	at org.apache.axis.providers.java.RPCProvider.invokeMethod(RPCProvider.java:397)
	at org.apache.axis.providers.java.RPCProvider.processMessage(RPCProvider.java:186)
	at org.apache.axis.providers.java.JavaProvider.invoke(JavaProvider.java:323)
	at org.apache.axis.strategies.InvocationStrategy.visit(InvocationStrategy.java:32)
	at org.apache.axis.SimpleChain.doVisiting(SimpleChain.java:118)
	at org.apache.axis.SimpleChain.invoke(SimpleChain.java:83)
	at org.apache.axis.handlers.soap.SOAPService.invoke(SOAPService.java:454)
	at org.apache.axis.server.AxisServer.invoke(AxisServer.java:281)
	at org.apache.axis.transport.http.AxisServlet.doPost(AxisServlet.java:699)
	at org.eclipse.birt.report.servlet.BirtSoapMessageDispatcherServlet.doPost(BirtSoapMessageDispatcherServlet.java:265)
	at javax.servlet.http.HttpServlet.service(HttpServlet.java:707)
	at org.apache.axis.transport.http.AxisServletBase.service(AxisServletBase.java:327)
	at javax.servlet.http.HttpServlet.service(HttpServlet.java:790)
	at org.eclipse.birt.report.servlet.BirtSoapMessageDispatcherServlet.service(BirtSoapMessageDispatcherServlet.java:122)
	at org.eclipse.equinox.http.registry.internal.ServletManager$ServletWrapper.service(ServletManager.java:180)
	at org.eclipse.equinox.http.servlet.internal.HttpServiceRuntimeImpl$LegacyServlet.service(HttpServiceRuntimeImpl.java:1232)
	at org.eclipse.equinox.http.servlet.internal.registration.EndpointRegistration.service(EndpointRegistration.java:153)
	at org.eclipse.equinox.http.servlet.internal.servlet.ResponseStateHandler.processRequest(ResponseStateHandler.java:63)
	at org.eclipse.equinox.http.servlet.internal.context.DispatchTargets.doDispatch(DispatchTargets.java:98)
	at org.eclipse.equinox.http.servlet.internal.HttpServiceRuntimeImpl.doDispatch(HttpServiceRuntimeImpl.java:372)
	at org.eclipse.equinox.http.servlet.internal.servlet.ProxyServlet.service(ProxyServlet.java:70)
	at javax.servlet.http.HttpServlet.service(HttpServlet.java:790)
	at org.eclipse.equinox.http.jetty.internal.HttpServerManager$InternalHttpServiceServlet.service(HttpServerManager.java:357)
	at org.eclipse.jetty.servlet.ServletHolder.handle(ServletHolder.java:808)
	at org.eclipse.jetty.servlet.ServletHandler.doHandle(ServletHandler.java:587)
	at org.eclipse.jetty.server.session.SessionHandler.doHandle(SessionHandler.java:221)
	at org.eclipse.jetty.server.handler.ContextHandler.doHandle(ContextHandler.java:1127)
	at org.eclipse.jetty.servlet.ServletHandler.doScope(ServletHandler.java:515)
	at org.eclipse.jetty.server.session.SessionHandler.doScope(SessionHandler.java:185)
	at org.eclipse.jetty.server.handler.ContextHandler.doScope(ContextHandler.java:1061)
	at org.eclipse.jetty.server.handler.ScopedHandler.handle(ScopedHandler.java:141)
	at org.eclipse.jetty.server.handler.HandlerWrapper.handle(HandlerWrapper.java:97)
	at org.eclipse.jetty.server.Server.handle(Server.java:499)
	at org.eclipse.jetty.server.HttpChannel.handle(HttpChannel.java:310)
	at org.eclipse.jetty.server.HttpConnection.onFillable(HttpConnection.java:257)
	at org.eclipse.jetty.io.AbstractConnection$2.run(AbstractConnection.java:540)
	at org.eclipse.jetty.util.thread.QueuedThreadPool.runJob(QueuedThreadPool.java:635)
	at org.eclipse.jetty.util.thread.QueuedThreadPool$3.run(QueuedThreadPool.java:555)
	at java.lang.Thread.run(Thread.java:745)

avr. 03, 2016 10:37:55 AM org.eclipse.birt.report.engine.executor.ExtendedGenerateExecutor execute
GRAVE: An exception occurred during processing. Please see the following message for details:
exception.error
Error happens when create hierarchy:gr_population.NewTabularHierarchy.
Cannot open the connection for the driver: org.eclipse.birt.report.data.oda.jdbc.
    org.eclipse.birt.report.data.oda.jdbc.JDBCException: There is an error in get connection, Communications link failure

The last packet sent successfully to the server was 0 milliseconds ago. The driver has not received any packets from the server.. ;
    org.eclipse.datatools.connectivity.oda.OdaException: Unable to find or access the named profile (Funio) in profile store path (ConnectionProfileStore).
Cannot open the connection for the driver: org.eclipse.birt.report.data.oda.jdbc.
    org.eclipse.birt.report.data.oda.jdbc.JDBCException: There is an error in get connection, Communications link failure

The last packet sent successfully to the server was 0 milliseconds ago. The driver has not received any packets from the server.. ;
    org.eclipse.datatools.connectivity.oda.OdaException: Unable to find or access the named profile (Funio) in profile store path (ConnectionProfileStore).
org.eclipse.birt.report.data.adapter.api.AdapterException: An exception occurred during processing. Please see the following message for details:
exception.error
Error happens when create hierarchy:gr_population.NewTabularHierarchy.
Cannot open the connection for the driver: org.eclipse.birt.report.data.oda.jdbc.
    org.eclipse.birt.report.data.oda.jdbc.JDBCException: There is an error in get connection, Communications link failure

The last packet sent successfully to the server was 0 milliseconds ago. The driver has not received any packets from the server.. ;
    org.eclipse.datatools.connectivity.oda.OdaException: Unable to find or access the named profile (Funio) in profile store path (ConnectionProfileStore).
Cannot open the connection for the driver: org.eclipse.birt.report.data.oda.jdbc.
    org.eclipse.birt.report.data.oda.jdbc.JDBCException: There is an error in get connection, Communications link failure

The last packet sent successfully to the server was 0 milliseconds ago. The driver has not received any packets from the server.. ;
    org.eclipse.datatools.connectivity.oda.OdaException: Unable to find or access the named profile (Funio) in profile store path (ConnectionProfileStore).
	at org.eclipse.birt.report.data.adapter.impl.DataRequestSessionImpl.execute(DataRequestSessionImpl.java:671)
	at org.eclipse.birt.report.engine.data.dte.DteDataEngine.doExecuteCube(DteDataEngine.java:233)
	at org.eclipse.birt.report.engine.data.dte.DataGenerationEngine.doExecuteCube(DataGenerationEngine.java:96)
	at org.eclipse.birt.report.engine.data.dte.AbstractDataEngine.execute(AbstractDataEngine.java:290)
	at org.eclipse.birt.report.engine.executor.ExtendedGenerateExecutor.executeQueries(ExtendedGenerateExecutor.java:205)
	at org.eclipse.birt.report.engine.executor.ExtendedGenerateExecutor.execute(ExtendedGenerateExecutor.java:65)
	at org.eclipse.birt.report.engine.executor.ExtendedItemExecutor.execute(ExtendedItemExecutor.java:62)
	at org.eclipse.birt.report.engine.internal.executor.wrap.WrappedReportItemExecutor.execute(WrappedReportItemExecutor.java:46)
	at org.eclipse.birt.report.engine.internal.executor.emitter.ReportItemEmitterExecutor.execute(ReportItemEmitterExecutor.java:46)
	at org.eclipse.birt.report.engine.internal.executor.dup.SuppressDuplicateItemExecutor.execute(SuppressDuplicateItemExecutor.java:43)
	at org.eclipse.birt.report.engine.internal.executor.wrap.WrappedReportItemExecutor.execute(WrappedReportItemExecutor.java:46)
	at org.eclipse.birt.report.engine.internal.executor.l18n.LocalizedReportItemExecutor.execute(LocalizedReportItemExecutor.java:34)
	at org.eclipse.birt.report.engine.layout.html.HTMLBlockStackingLM.layoutNodes(HTMLBlockStackingLM.java:65)
	at org.eclipse.birt.report.engine.layout.html.HTMLStackingLM.layoutChildren(HTMLStackingLM.java:26)
	at org.eclipse.birt.report.engine.layout.html.HTMLAbstractLM.layout(HTMLAbstractLM.java:140)
	at org.eclipse.birt.report.engine.layout.html.HTMLInlineStackingLM.resumeLayout(HTMLInlineStackingLM.java:111)
	at org.eclipse.birt.report.engine.layout.html.HTMLInlineStackingLM.layoutNodes(HTMLInlineStackingLM.java:160)
	at org.eclipse.birt.report.engine.layout.html.HTMLStackingLM.layoutChildren(HTMLStackingLM.java:26)
	at org.eclipse.birt.report.engine.layout.html.HTMLAbstractLM.layout(HTMLAbstractLM.java:140)
	at org.eclipse.birt.report.engine.layout.html.HTMLBlockStackingLM.layoutNodes(HTMLBlockStackingLM.java:70)
	at org.eclipse.birt.report.engine.layout.html.HTMLStackingLM.layoutChildren(HTMLStackingLM.java:26)
	at org.eclipse.birt.report.engine.layout.html.HTMLRepeatHeaderLM.layoutChildren(HTMLRepeatHeaderLM.java:46)
	at org.eclipse.birt.report.engine.layout.html.HTMLAbstractLM.layout(HTMLAbstractLM.java:140)
	at org.eclipse.birt.report.engine.layout.html.HTMLBlockStackingLM.layoutNodes(HTMLBlockStackingLM.java:70)
	at org.eclipse.birt.report.engine.layout.html.HTMLPageLM.layout(HTMLPageLM.java:92)
	at org.eclipse.birt.report.engine.layout.html.HTMLReportLayoutEngine.layout(HTMLReportLayoutEngine.java:100)
	at org.eclipse.birt.report.engine.presentation.ReportDocumentBuilder.build(ReportDocumentBuilder.java:249)
	at org.eclipse.birt.report.engine.api.impl.RunTask.doRun(RunTask.java:273)
	at org.eclipse.birt.report.engine.api.impl.RunTask.run(RunTask.java:89)
	at org.eclipse.birt.report.service.ReportEngineService.runReport(ReportEngineService.java:1325)
	at org.eclipse.birt.report.service.BirtViewerReportService.runReport(BirtViewerReportService.java:159)
	at org.eclipse.birt.report.service.actionhandler.BirtRunReportActionHandler.__execute(BirtRunReportActionHandler.java:81)
	at org.eclipse.birt.report.service.actionhandler.BirtChangeParameterActionHandler.runReport(BirtChangeParameterActionHandler.java:58)
	at org.eclipse.birt.report.service.actionhandler.AbstractChangeParameterActionHandler.__execute(AbstractChangeParameterActionHandler.java:52)
	at org.eclipse.birt.report.service.actionhandler.AbstractBaseActionHandler.execute(AbstractBaseActionHandler.java:90)
	at org.eclipse.birt.report.soapengine.processor.AbstractBaseDocumentProcessor.__executeAction(AbstractBaseDocumentProcessor.java:47)
	at org.eclipse.birt.report.soapengine.processor.AbstractBaseComponentProcessor.executeAction(AbstractBaseComponentProcessor.java:143)
	at org.eclipse.birt.report.soapengine.processor.BirtDocumentProcessor.handleChangeParameter(BirtDocumentProcessor.java:100)
	at sun.reflect.NativeMethodAccessorImpl.invoke0(Native Method)
	at sun.reflect.NativeMethodAccessorImpl.invoke(NativeMethodAccessorImpl.java:62)
	at sun.reflect.DelegatingMethodAccessorImpl.invoke(DelegatingMethodAccessorImpl.java:43)
	at java.lang.reflect.Method.invoke(Method.java:497)
	at org.eclipse.birt.report.soapengine.processor.AbstractBaseComponentProcessor.process(AbstractBaseComponentProcessor.java:112)
	at org.eclipse.birt.report.soapengine.endpoint.BirtSoapBindingImpl.getUpdatedObjects(BirtSoapBindingImpl.java:66)
	at sun.reflect.NativeMethodAccessorImpl.invoke0(Native Method)
	at sun.reflect.NativeMethodAccessorImpl.invoke(NativeMethodAccessorImpl.java:62)
	at sun.reflect.DelegatingMethodAccessorImpl.invoke(DelegatingMethodAccessorImpl.java:43)
	at java.lang.reflect.Method.invoke(Method.java:497)
	at org.apache.axis.providers.java.RPCProvider.invokeMethod(RPCProvider.java:397)
	at org.apache.axis.providers.java.RPCProvider.processMessage(RPCProvider.java:186)
	at org.apache.axis.providers.java.JavaProvider.invoke(JavaProvider.java:323)
	at org.apache.axis.strategies.InvocationStrategy.visit(InvocationStrategy.java:32)
	at org.apache.axis.SimpleChain.doVisiting(SimpleChain.java:118)
	at org.apache.axis.SimpleChain.invoke(SimpleChain.java:83)
	at org.apache.axis.handlers.soap.SOAPService.invoke(SOAPService.java:454)
	at org.apache.axis.server.AxisServer.invoke(AxisServer.java:281)
	at org.apache.axis.transport.http.AxisServlet.doPost(AxisServlet.java:699)
	at org.eclipse.birt.report.servlet.BirtSoapMessageDispatcherServlet.doPost(BirtSoapMessageDispatcherServlet.java:265)
	at javax.servlet.http.HttpServlet.service(HttpServlet.java:707)
	at org.apache.axis.transport.http.AxisServletBase.service(AxisServletBase.java:327)
	at javax.servlet.http.HttpServlet.service(HttpServlet.java:790)
	at org.eclipse.birt.report.servlet.BirtSoapMessageDispatcherServlet.service(BirtSoapMessageDispatcherServlet.java:122)
	at org.eclipse.equinox.http.registry.internal.ServletManager$ServletWrapper.service(ServletManager.java:180)
	at org.eclipse.equinox.http.servlet.internal.HttpServiceRuntimeImpl$LegacyServlet.service(HttpServiceRuntimeImpl.java:1232)
	at org.eclipse.equinox.http.servlet.internal.registration.EndpointRegistration.service(EndpointRegistration.java:153)
	at org.eclipse.equinox.http.servlet.internal.servlet.ResponseStateHandler.processRequest(ResponseStateHandler.java:63)
	at org.eclipse.equinox.http.servlet.internal.context.DispatchTargets.doDispatch(DispatchTargets.java:98)
	at org.eclipse.equinox.http.servlet.internal.HttpServiceRuntimeImpl.doDispatch(HttpServiceRuntimeImpl.java:372)
	at org.eclipse.equinox.http.servlet.internal.servlet.ProxyServlet.service(ProxyServlet.java:70)
	at javax.servlet.http.HttpServlet.service(HttpServlet.java:790)
	at org.eclipse.equinox.http.jetty.internal.HttpServerManager$InternalHttpServiceServlet.service(HttpServerManager.java:357)
	at org.eclipse.jetty.servlet.ServletHolder.handle(ServletHolder.java:808)
	at org.eclipse.jetty.servlet.ServletHandler.doHandle(ServletHandler.java:587)
	at org.eclipse.jetty.server.session.SessionHandler.doHandle(SessionHandler.java:221)
	at org.eclipse.jetty.server.handler.ContextHandler.doHandle(ContextHandler.java:1127)
	at org.eclipse.jetty.servlet.ServletHandler.doScope(ServletHandler.java:515)
	at org.eclipse.jetty.server.session.SessionHandler.doScope(SessionHandler.java:185)
	at org.eclipse.jetty.server.handler.ContextHandler.doScope(ContextHandler.java:1061)
	at org.eclipse.jetty.server.handler.ScopedHandler.handle(ScopedHandler.java:141)
	at org.eclipse.jetty.server.handler.HandlerWrapper.handle(HandlerWrapper.java:97)
	at org.eclipse.jetty.server.Server.handle(Server.java:499)
	at org.eclipse.jetty.server.HttpChannel.handle(HttpChannel.java:310)
	at org.eclipse.jetty.server.HttpConnection.onFillable(HttpConnection.java:257)
	at org.eclipse.jetty.io.AbstractConnection$2.run(AbstractConnection.java:540)
	at org.eclipse.jetty.util.thread.QueuedThreadPool.runJob(QueuedThreadPool.java:635)
	at org.eclipse.jetty.util.thread.QueuedThreadPool$3.run(QueuedThreadPool.java:555)
	at java.lang.Thread.run(Thread.java:745)
Caused by: org.eclipse.birt.data.engine.core.DataException: exception.error
Error happens when create hierarchy:gr_population.NewTabularHierarchy.
Cannot open the connection for the driver: org.eclipse.birt.report.data.oda.jdbc.
    org.eclipse.birt.report.data.oda.jdbc.JDBCException: There is an error in get connection, Communications link failure

The last packet sent successfully to the server was 0 milliseconds ago. The driver has not received any packets from the server.. ;
    org.eclipse.datatools.connectivity.oda.OdaException: Unable to find or access the named profile (Funio) in profile store path (ConnectionProfileStore).
Cannot open the connection for the driver: org.eclipse.birt.report.data.oda.jdbc.
    org.eclipse.birt.report.data.oda.jdbc.JDBCException: There is an error in get connection, Communications link failure

The last packet sent successfully to the server was 0 milliseconds ago. The driver has not received any packets from the server.. ;
    org.eclipse.datatools.connectivity.oda.OdaException: Unable to find or access the named profile (Funio) in profile store path (ConnectionProfileStore).
	at org.eclipse.birt.report.data.adapter.impl.DataRequestSessionImpl.materializeCube(DataRequestSessionImpl.java:802)
	at org.eclipse.birt.report.data.adapter.impl.DataRequestSessionImpl.execute(DataRequestSessionImpl.java:660)
	... 86 more
Caused by: org.eclipse.birt.report.data.adapter.api.AdapterException: Error happens when create hierarchy:gr_population.NewTabularHierarchy.
Cannot open the connection for the driver: org.eclipse.birt.report.data.oda.jdbc.
    org.eclipse.birt.report.data.oda.jdbc.JDBCException: There is an error in get connection, Communications link failure

The last packet sent successfully to the server was 0 milliseconds ago. The driver has not received any packets from the server.. ;
    org.eclipse.datatools.connectivity.oda.OdaException: Unable to find or access the named profile (Funio) in profile store path (ConnectionProfileStore).
Cannot open the connection for the driver: org.eclipse.birt.report.data.oda.jdbc.
    org.eclipse.birt.report.data.oda.jdbc.JDBCException: There is an error in get connection, Communications link failure

The last packet sent successfully to the server was 0 milliseconds ago. The driver has not received any packets from the server.. ;
    org.eclipse.datatools.connectivity.oda.OdaException: Unable to find or access the named profile (Funio) in profile store path (ConnectionProfileStore).
	at org.eclipse.birt.report.data.adapter.impl.DataRequestSessionImpl.populateDimension(DataRequestSessionImpl.java:1501)
	at org.eclipse.birt.report.data.adapter.impl.DataRequestSessionImpl.populateDimensions(DataRequestSessionImpl.java:1359)
	at org.eclipse.birt.report.data.adapter.impl.DataRequestSessionImpl.createCube(DataRequestSessionImpl.java:853)
	at org.eclipse.birt.report.data.adapter.impl.DataRequestSessionImpl.materializeCube(DataRequestSessionImpl.java:794)
	... 87 more
Caused by: org.eclipse.birt.report.data.adapter.api.AdapterException: Cannot open the connection for the driver: org.eclipse.birt.report.data.oda.jdbc.
    org.eclipse.birt.report.data.oda.jdbc.JDBCException: There is an error in get connection, Communications link failure

The last packet sent successfully to the server was 0 milliseconds ago. The driver has not received any packets from the server.. ;
    org.eclipse.datatools.connectivity.oda.OdaException: Unable to find or access the named profile (Funio) in profile store path (ConnectionProfileStore).
Cannot open the connection for the driver: org.eclipse.birt.report.data.oda.jdbc.
    org.eclipse.birt.report.data.oda.jdbc.JDBCException: There is an error in get connection, Communications link failure

The last packet sent successfully to the server was 0 milliseconds ago. The driver has not received any packets from the server.. ;
    org.eclipse.datatools.connectivity.oda.OdaException: Unable to find or access the named profile (Funio) in profile store path (ConnectionProfileStore).
	at org.eclipse.birt.report.data.adapter.impl.DataSetIterator.executeQuery(DataSetIterator.java:92)
	at org.eclipse.birt.report.data.adapter.impl.DataSetIterator.<init>(DataSetIterator.java:125)
	at org.eclipse.birt.report.data.adapter.impl.DataRequestSessionImpl.populateDimension(DataRequestSessionImpl.java:1486)
	... 90 more
Caused by: org.eclipse.birt.data.engine.odaconsumer.OdaDataException: Cannot open the connection for the driver: org.eclipse.birt.report.data.oda.jdbc.
    org.eclipse.birt.report.data.oda.jdbc.JDBCException: There is an error in get connection, Communications link failure

The last packet sent successfully to the server was 0 milliseconds ago. The driver has not received any packets from the server.. ;
    org.eclipse.datatools.connectivity.oda.OdaException: Unable to find or access the named profile (Funio) in profile store path (ConnectionProfileStore).
	at org.eclipse.birt.data.engine.odaconsumer.ExceptionHandler.newException(ExceptionHandler.java:54)
	at org.eclipse.birt.data.engine.odaconsumer.ConnectionManager.openConnection(ConnectionManager.java:177)
	at org.eclipse.birt.data.engine.executor.DataSource.newConnection(DataSource.java:224)
	at org.eclipse.birt.data.engine.executor.DataSource.open(DataSource.java:212)
	at org.eclipse.birt.data.engine.impl.DataSourceRuntime.openOdiDataSource(DataSourceRuntime.java:217)
	at org.eclipse.birt.data.engine.impl.QueryExecutor.openDataSource(QueryExecutor.java:437)
	at org.eclipse.birt.data.engine.impl.QueryExecutor.prepareExecution(QueryExecutor.java:325)
	at org.eclipse.birt.data.engine.impl.PreparedQuery.doPrepare(PreparedQuery.java:463)
	at org.eclipse.birt.data.engine.impl.PreparedDataSourceQuery.produceQueryResults(PreparedDataSourceQuery.java:190)
	at org.eclipse.birt.data.engine.impl.PreparedDataSourceQuery.execute(PreparedDataSourceQuery.java:178)
	at org.eclipse.birt.data.engine.impl.PreparedOdaDSQuery.execute(PreparedOdaDSQuery.java:179)
	at org.eclipse.birt.data.engine.impl.PreparedDataSourceQuery.execute(PreparedDataSourceQuery.java:159)
	at org.eclipse.birt.data.engine.impl.PreparedJointDataSourceQuery.populatePreparedQuery(PreparedJointDataSourceQuery.java:557)
	at org.eclipse.birt.data.engine.impl.PreparedJointDataSourceQuery.populatePreparedQuery(PreparedJointDataSourceQuery.java:495)
	at org.eclipse.birt.data.engine.impl.PreparedJointDataSourceQuery.access$2(PreparedJointDataSourceQuery.java:493)
	at org.eclipse.birt.data.engine.impl.PreparedJointDataSourceQuery$JointDataSetQueryExecutor.createOdiQuery(PreparedJointDataSourceQuery.java:589)
	at org.eclipse.birt.data.engine.impl.QueryExecutor.prepareExecution(QueryExecutor.java:333)
	at org.eclipse.birt.data.engine.impl.PreparedQuery.doPrepare(PreparedQuery.java:463)
	at org.eclipse.birt.data.engine.impl.PreparedDataSourceQuery.produceQueryResults(PreparedDataSourceQuery.java:190)
	at org.eclipse.birt.data.engine.impl.PreparedDataSourceQuery.execute(PreparedDataSourceQuery.java:178)
	at org.eclipse.birt.data.engine.impl.PreparedDataSourceQuery.execute(PreparedDataSourceQuery.java:159)
	at org.eclipse.birt.data.engine.impl.PreparedJointDataSourceQuery.populatePreparedQuery(PreparedJointDataSourceQuery.java:557)
	at org.eclipse.birt.data.engine.impl.PreparedJointDataSourceQuery.populatePreparedQuery(PreparedJointDataSourceQuery.java:495)
	at org.eclipse.birt.data.engine.impl.PreparedJointDataSourceQuery.access$2(PreparedJointDataSourceQuery.java:493)
	at org.eclipse.birt.data.engine.impl.PreparedJointDataSourceQuery$JointDataSetQueryExecutor.createOdiQuery(PreparedJointDataSourceQuery.java:589)
	at org.eclipse.birt.data.engine.impl.QueryExecutor.prepareExecution(QueryExecutor.java:333)
	at org.eclipse.birt.data.engine.impl.PreparedQuery.doPrepare(PreparedQuery.java:463)
	at org.eclipse.birt.data.engine.impl.PreparedDataSourceQuery.produceQueryResults(PreparedDataSourceQuery.java:190)
	at org.eclipse.birt.data.engine.impl.PreparedDataSourceQuery.execute(PreparedDataSourceQuery.java:178)
	at org.eclipse.birt.data.engine.impl.PreparedDataSourceQuery.execute(PreparedDataSourceQuery.java:159)
	at org.eclipse.birt.data.engine.impl.PreparedJointDataSourceQuery.populatePreparedQuery(PreparedJointDataSourceQuery.java:557)
	at org.eclipse.birt.data.engine.impl.PreparedJointDataSourceQuery.populatePreparedQuery(PreparedJointDataSourceQuery.java:495)
	at org.eclipse.birt.data.engine.impl.PreparedJointDataSourceQuery.access$2(PreparedJointDataSourceQuery.java:493)
	at org.eclipse.birt.data.engine.impl.PreparedJointDataSourceQuery$JointDataSetQueryExecutor.createOdiQuery(PreparedJointDataSourceQuery.java:589)
	at org.eclipse.birt.data.engine.impl.QueryExecutor.prepareExecution(QueryExecutor.java:333)
	at org.eclipse.birt.data.engine.impl.PreparedQuery.doPrepare(PreparedQuery.java:463)
	at org.eclipse.birt.data.engine.impl.PreparedDataSourceQuery.produceQueryResults(PreparedDataSourceQuery.java:190)
	at org.eclipse.birt.data.engine.impl.PreparedDataSourceQuery.execute(PreparedDataSourceQuery.java:178)
	at org.eclipse.birt.data.engine.impl.PreparedDataSourceQuery.execute(PreparedDataSourceQuery.java:159)
	at org.eclipse.birt.data.engine.impl.PreparedDataSourceQuery.execute(PreparedDataSourceQuery.java:142)
	at org.eclipse.birt.report.data.adapter.impl.DataSetIterator.executeQuery(DataSetIterator.java:87)
	... 92 more
Caused by: org.eclipse.birt.report.data.oda.jdbc.JDBCException: There is an error in get connection, Communications link failure

The last packet sent successfully to the server was 0 milliseconds ago. The driver has not received any packets from the server.. ;
    org.eclipse.datatools.connectivity.oda.OdaException: Unable to find or access the named profile (Funio) in profile store path (ConnectionProfileStore).
	at org.eclipse.birt.report.data.oda.jdbc.JDBCDriverManager.doConnect(JDBCDriverManager.java:339)
	at org.eclipse.birt.report.data.oda.jdbc.JDBCDriverManager.getConnection(JDBCDriverManager.java:236)
	at org.eclipse.birt.report.data.oda.jdbc.Connection.connectByUrl(Connection.java:254)
	at org.eclipse.birt.report.data.oda.jdbc.Connection.open(Connection.java:163)
	at org.eclipse.datatools.connectivity.oda.consumer.helper.OdaConnection.open(OdaConnection.java:250)
	at org.eclipse.birt.data.engine.odaconsumer.ConnectionManager.openConnection(ConnectionManager.java:165)
	... 131 more

avr. 03, 2016 10:40:56 AM org.eclipse.birt.report.data.oda.jdbc.utils.JDBCDriverInformation newInstance
AVERTISSEMENT: null
org.eclipse.datatools.connectivity.oda.OdaException ;
    java.lang.InstantiationException: org.eclipse.birt.report.data.oda.jdbc.JDBCDriverManager$WrappedDriver
	at org.eclipse.birt.report.data.oda.jdbc.JDBCDriverManager.getDriverInstance(JDBCDriverManager.java:124)
	at org.eclipse.birt.report.data.oda.jdbc.utils.JDBCDriverInformation.newInstance(JDBCDriverInformation.java:54)
	at org.eclipse.birt.report.data.oda.jdbc.ui.util.JdbcToolKit.getJDBCDriverInfoList(JdbcToolKit.java:299)
	at org.eclipse.birt.report.data.oda.jdbc.ui.util.JdbcToolKit.getDriverByJar(JdbcToolKit.java:406)
	at org.eclipse.birt.report.data.oda.jdbc.ui.dialogs.JdbcDriverManagerDialog.updateExternalDriverList(JdbcDriverManagerDialog.java:645)
	at org.eclipse.birt.report.data.oda.jdbc.ui.dialogs.JdbcDriverManagerDialog.initialize(JdbcDriverManagerDialog.java:539)
	at org.eclipse.birt.report.data.oda.jdbc.ui.dialogs.JdbcDriverManagerDialog.createDialogArea(JdbcDriverManagerDialog.java:187)
	at org.eclipse.jface.dialogs.Dialog.createContents(Dialog.java:768)
	at org.eclipse.jface.window.Window.create(Window.java:430)
	at org.eclipse.jface.dialogs.Dialog.create(Dialog.java:1096)
	at org.eclipse.birt.report.data.oda.jdbc.ui.dialogs.JdbcDriverManagerDialog.create(JdbcDriverManagerDialog.java:149)
	at org.eclipse.jface.window.Window.open(Window.java:792)
	at org.eclipse.birt.report.data.oda.jdbc.ui.profile.JDBCSelectionPageHelper$9.widgetSelected(JDBCSelectionPageHelper.java:919)
	at org.eclipse.swt.widgets.TypedListener.handleEvent(TypedListener.java:248)
	at org.eclipse.swt.widgets.EventTable.sendEvent(EventTable.java:84)
	at org.eclipse.swt.widgets.Display.sendEvent(Display.java:4230)
	at org.eclipse.swt.widgets.Widget.sendEvent(Widget.java:1491)
	at org.eclipse.swt.widgets.Widget.sendEvent(Widget.java:1514)
	at org.eclipse.swt.widgets.Widget.sendEvent(Widget.java:1499)
	at org.eclipse.swt.widgets.Widget.notifyListeners(Widget.java:1299)
	at org.eclipse.swt.widgets.Display.runDeferredEvents(Display.java:4072)
	at org.eclipse.swt.widgets.Display.readAndDispatch(Display.java:3698)
	at org.eclipse.jface.window.Window.runEventLoop(Window.java:827)
	at org.eclipse.jface.window.Window.open(Window.java:803)
	at org.eclipse.birt.report.designer.ui.dialogs.BaseDialog.open(BaseDialog.java:117)
	at org.eclipse.birt.report.designer.data.ui.actions.EditDataSourceAction.doAction(EditDataSourceAction.java:69)
	at org.eclipse.birt.report.designer.internal.ui.views.actions.AbstractElementAction.run(AbstractElementAction.java:70)
	at org.eclipse.jface.action.Action.runWithEvent(Action.java:473)
	at org.eclipse.jface.action.ActionContributionItem.handleWidgetSelection(ActionContributionItem.java:595)
	at org.eclipse.jface.action.ActionContributionItem.access$2(ActionContributionItem.java:511)
	at org.eclipse.jface.action.ActionContributionItem$5.handleEvent(ActionContributionItem.java:420)
	at org.eclipse.swt.widgets.EventTable.sendEvent(EventTable.java:84)
	at org.eclipse.swt.widgets.Display.sendEvent(Display.java:4230)
	at org.eclipse.swt.widgets.Widget.sendEvent(Widget.java:1491)
	at org.eclipse.swt.widgets.Widget.sendEvent(Widget.java:1514)
	at org.eclipse.swt.widgets.Widget.sendEvent(Widget.java:1499)
	at org.eclipse.swt.widgets.Widget.notifyListeners(Widget.java:1299)
	at org.eclipse.swt.widgets.Display.runDeferredEvents(Display.java:4072)
	at org.eclipse.swt.widgets.Display.readAndDispatch(Display.java:3698)
	at org.eclipse.e4.ui.internal.workbench.swt.PartRenderingEngine$4.run(PartRenderingEngine.java:1127)
	at org.eclipse.core.databinding.observable.Realm.runWithDefault(Realm.java:337)
	at org.eclipse.e4.ui.internal.workbench.swt.PartRenderingEngine.run(PartRenderingEngine.java:1018)
	at org.eclipse.e4.ui.internal.workbench.E4Workbench.createAndRunUI(E4Workbench.java:156)
	at org.eclipse.ui.internal.Workbench$5.run(Workbench.java:654)
	at org.eclipse.core.databinding.observable.Realm.runWithDefault(Realm.java:337)
	at org.eclipse.ui.internal.Workbench.createAndRunWorkbench(Workbench.java:598)
	at org.eclipse.ui.PlatformUI.createAndRunWorkbench(PlatformUI.java:150)
	at org.eclipse.ui.internal.ide.application.IDEApplication.start(IDEApplication.java:139)
	at org.eclipse.equinox.internal.app.EclipseAppHandle.run(EclipseAppHandle.java:196)
	at org.eclipse.core.runtime.internal.adaptor.EclipseAppLauncher.runApplication(EclipseAppLauncher.java:134)
	at org.eclipse.core.runtime.internal.adaptor.EclipseAppLauncher.start(EclipseAppLauncher.java:104)
	at org.eclipse.core.runtime.adaptor.EclipseStarter.run(EclipseStarter.java:380)
	at org.eclipse.core.runtime.adaptor.EclipseStarter.run(EclipseStarter.java:235)
	at sun.reflect.NativeMethodAccessorImpl.invoke0(Native Method)
	at sun.reflect.NativeMethodAccessorImpl.invoke(NativeMethodAccessorImpl.java:62)
	at sun.reflect.DelegatingMethodAccessorImpl.invoke(DelegatingMethodAccessorImpl.java:43)
	at java.lang.reflect.Method.invoke(Method.java:497)
	at org.eclipse.equinox.launcher.Main.invokeFramework(Main.java:669)
	at org.eclipse.equinox.launcher.Main.basicRun(Main.java:608)
	at org.eclipse.equinox.launcher.Main.run(Main.java:1515)
Caused by: java.lang.InstantiationException: org.eclipse.birt.report.data.oda.jdbc.JDBCDriverManager$WrappedDriver
	at java.lang.Class.newInstance(Class.java:427)
	at org.eclipse.birt.report.data.oda.jdbc.JDBCDriverManager.getDriverInstance(JDBCDriverManager.java:120)
	... 59 more
Caused by: java.lang.NoSuchMethodException: org.eclipse.birt.report.data.oda.jdbc.JDBCDriverManager$WrappedDriver.<init>()
	at java.lang.Class.getConstructor0(Class.java:3082)
	at java.lang.Class.newInstance(Class.java:412)
	... 60 more

avr. 03, 2016 10:41:42 AM org.eclipse.birt.data.engine.odaconsumer.ConnectionManager openConnection
GRAVE: Unable to open connection.
org.eclipse.birt.report.data.oda.jdbc.JDBCException: There is an error in get connection, Communications link failure

The last packet sent successfully to the server was 0 milliseconds ago. The driver has not received any packets from the server.. ;
    org.eclipse.datatools.connectivity.oda.OdaException: Unable to find or access the named profile (Funio) in profile store path (ConnectionProfileStore).
	at org.eclipse.birt.report.data.oda.jdbc.JDBCDriverManager.doConnect(JDBCDriverManager.java:339)
	at org.eclipse.birt.report.data.oda.jdbc.JDBCDriverManager.getConnection(JDBCDriverManager.java:236)
	at org.eclipse.birt.report.data.oda.jdbc.Connection.connectByUrl(Connection.java:254)
	at org.eclipse.birt.report.data.oda.jdbc.Connection.open(Connection.java:163)
	at org.eclipse.datatools.connectivity.oda.consumer.helper.OdaConnection.open(OdaConnection.java:250)
	at org.eclipse.birt.data.engine.odaconsumer.ConnectionManager.openConnection(ConnectionManager.java:165)
	at org.eclipse.birt.data.engine.executor.DataSource.newConnection(DataSource.java:224)
	at org.eclipse.birt.data.engine.executor.DataSource.open(DataSource.java:212)
	at org.eclipse.birt.data.engine.impl.DataSourceRuntime.openOdiDataSource(DataSourceRuntime.java:217)
	at org.eclipse.birt.data.engine.impl.QueryExecutor.openDataSource(QueryExecutor.java:437)
	at org.eclipse.birt.data.engine.impl.QueryExecutor.prepareExecution(QueryExecutor.java:325)
	at org.eclipse.birt.data.engine.impl.PreparedQuery.doPrepare(PreparedQuery.java:463)
	at org.eclipse.birt.data.engine.impl.PreparedDataSourceQuery.produceQueryResults(PreparedDataSourceQuery.java:190)
	at org.eclipse.birt.data.engine.impl.PreparedDataSourceQuery.execute(PreparedDataSourceQuery.java:178)
	at org.eclipse.birt.data.engine.impl.PreparedOdaDSQuery.execute(PreparedOdaDSQuery.java:179)
	at org.eclipse.birt.data.engine.impl.PreparedDataSourceQuery.execute(PreparedDataSourceQuery.java:159)
	at org.eclipse.birt.data.engine.impl.PreparedJointDataSourceQuery.populatePreparedQuery(PreparedJointDataSourceQuery.java:557)
	at org.eclipse.birt.data.engine.impl.PreparedJointDataSourceQuery.populatePreparedQuery(PreparedJointDataSourceQuery.java:495)
	at org.eclipse.birt.data.engine.impl.PreparedJointDataSourceQuery.access$2(PreparedJointDataSourceQuery.java:493)
	at org.eclipse.birt.data.engine.impl.PreparedJointDataSourceQuery$JointDataSetQueryExecutor.createOdiQuery(PreparedJointDataSourceQuery.java:589)
	at org.eclipse.birt.data.engine.impl.QueryExecutor.prepareExecution(QueryExecutor.java:333)
	at org.eclipse.birt.data.engine.impl.PreparedQuery.doPrepare(PreparedQuery.java:463)
	at org.eclipse.birt.data.engine.impl.PreparedDataSourceQuery.produceQueryResults(PreparedDataSourceQuery.java:190)
	at org.eclipse.birt.data.engine.impl.PreparedDataSourceQuery.execute(PreparedDataSourceQuery.java:178)
	at org.eclipse.birt.data.engine.impl.PreparedDataSourceQuery.execute(PreparedDataSourceQuery.java:159)
	at org.eclipse.birt.data.engine.impl.PreparedJointDataSourceQuery.populatePreparedQuery(PreparedJointDataSourceQuery.java:557)
	at org.eclipse.birt.data.engine.impl.PreparedJointDataSourceQuery.populatePreparedQuery(PreparedJointDataSourceQuery.java:495)
	at org.eclipse.birt.data.engine.impl.PreparedJointDataSourceQuery.access$2(PreparedJointDataSourceQuery.java:493)
	at org.eclipse.birt.data.engine.impl.PreparedJointDataSourceQuery$JointDataSetQueryExecutor.createOdiQuery(PreparedJointDataSourceQuery.java:589)
	at org.eclipse.birt.data.engine.impl.QueryExecutor.prepareExecution(QueryExecutor.java:333)
	at org.eclipse.birt.data.engine.impl.PreparedQuery.doPrepare(PreparedQuery.java:463)
	at org.eclipse.birt.data.engine.impl.PreparedDataSourceQuery.produceQueryResults(PreparedDataSourceQuery.java:190)
	at org.eclipse.birt.data.engine.impl.PreparedDataSourceQuery.execute(PreparedDataSourceQuery.java:178)
	at org.eclipse.birt.data.engine.impl.PreparedDataSourceQuery.execute(PreparedDataSourceQuery.java:159)
	at org.eclipse.birt.data.engine.impl.PreparedDataSourceQuery.execute(PreparedDataSourceQuery.java:142)
	at org.eclipse.birt.report.data.adapter.impl.QueryExecutionHelper.executeQuery(QueryExecutionHelper.java:138)
	at org.eclipse.birt.report.data.adapter.impl.QueryExecutionHelper.executeQuery(QueryExecutionHelper.java:120)
	at org.eclipse.birt.report.data.adapter.impl.QueryExecutionHelper.executeQuery(QueryExecutionHelper.java:104)
	at org.eclipse.birt.report.data.adapter.impl.DataSetMetaDataHelper.getRuntimeMetaData(DataSetMetaDataHelper.java:196)
	at org.eclipse.birt.report.data.adapter.impl.DataSetMetaDataHelper.getRealMetaData(DataSetMetaDataHelper.java:155)
	at org.eclipse.birt.report.data.adapter.impl.DataSetMetaDataHelper.getDataSetMetaData(DataSetMetaDataHelper.java:117)
	at org.eclipse.birt.report.data.adapter.impl.DataRequestSessionImpl.getDataSetMetaData(DataRequestSessionImpl.java:243)
	at org.eclipse.birt.report.designer.data.ui.util.DataSetProvider.populateAllOutputColumns(DataSetProvider.java:221)
	at org.eclipse.birt.report.designer.data.ui.util.DataSetProvider.getCachedDataSetItemModel(DataSetProvider.java:731)
	at org.eclipse.birt.report.designer.data.ui.dataset.DataSetEditor$ItemModelManager.start(DataSetEditor.java:981)
	at org.eclipse.birt.report.designer.data.ui.dataset.DataSetEditor.<init>(DataSetEditor.java:196)
	at org.eclipse.birt.report.designer.data.ui.dataset.AdvancedDataSetEditor.<init>(AdvancedDataSetEditor.java:23)
	at org.eclipse.birt.report.designer.data.ui.actions.EditDataSetAction.doAction(EditDataSetAction.java:102)
	at org.eclipse.birt.report.designer.internal.ui.views.actions.AbstractElementAction.run(AbstractElementAction.java:70)
	at org.eclipse.jface.action.Action.runWithEvent(Action.java:473)
	at org.eclipse.jface.action.ActionContributionItem.handleWidgetSelection(ActionContributionItem.java:595)
	at org.eclipse.jface.action.ActionContributionItem.access$2(ActionContributionItem.java:511)
	at org.eclipse.jface.action.ActionContributionItem$5.handleEvent(ActionContributionItem.java:420)
	at org.eclipse.swt.widgets.EventTable.sendEvent(EventTable.java:84)
	at org.eclipse.swt.widgets.Display.sendEvent(Display.java:4230)
	at org.eclipse.swt.widgets.Widget.sendEvent(Widget.java:1491)
	at org.eclipse.swt.widgets.Widget.sendEvent(Widget.java:1514)
	at org.eclipse.swt.widgets.Widget.sendEvent(Widget.java:1499)
	at org.eclipse.swt.widgets.Widget.notifyListeners(Widget.java:1299)
	at org.eclipse.swt.widgets.Display.runDeferredEvents(Display.java:4072)
	at org.eclipse.swt.widgets.Display.readAndDispatch(Display.java:3698)
	at org.eclipse.e4.ui.internal.workbench.swt.PartRenderingEngine$4.run(PartRenderingEngine.java:1127)
	at org.eclipse.core.databinding.observable.Realm.runWithDefault(Realm.java:337)
	at org.eclipse.e4.ui.internal.workbench.swt.PartRenderingEngine.run(PartRenderingEngine.java:1018)
	at org.eclipse.e4.ui.internal.workbench.E4Workbench.createAndRunUI(E4Workbench.java:156)
	at org.eclipse.ui.internal.Workbench$5.run(Workbench.java:654)
	at org.eclipse.core.databinding.observable.Realm.runWithDefault(Realm.java:337)
	at org.eclipse.ui.internal.Workbench.createAndRunWorkbench(Workbench.java:598)
	at org.eclipse.ui.PlatformUI.createAndRunWorkbench(PlatformUI.java:150)
	at org.eclipse.ui.internal.ide.application.IDEApplication.start(IDEApplication.java:139)
	at org.eclipse.equinox.internal.app.EclipseAppHandle.run(EclipseAppHandle.java:196)
	at org.eclipse.core.runtime.internal.adaptor.EclipseAppLauncher.runApplication(EclipseAppLauncher.java:134)
	at org.eclipse.core.runtime.internal.adaptor.EclipseAppLauncher.start(EclipseAppLauncher.java:104)
	at org.eclipse.core.runtime.adaptor.EclipseStarter.run(EclipseStarter.java:380)
	at org.eclipse.core.runtime.adaptor.EclipseStarter.run(EclipseStarter.java:235)
	at sun.reflect.NativeMethodAccessorImpl.invoke0(Native Method)
	at sun.reflect.NativeMethodAccessorImpl.invoke(NativeMethodAccessorImpl.java:62)
	at sun.reflect.DelegatingMethodAccessorImpl.invoke(DelegatingMethodAccessorImpl.java:43)
	at java.lang.reflect.Method.invoke(Method.java:497)
	at org.eclipse.equinox.launcher.Main.invokeFramework(Main.java:669)
	at org.eclipse.equinox.launcher.Main.basicRun(Main.java:608)
	at org.eclipse.equinox.launcher.Main.run(Main.java:1515)

avr. 03, 2016 10:41:46 AM org.eclipse.birt.data.engine.odaconsumer.ConnectionManager openConnection
GRAVE: Unable to open connection.
org.eclipse.birt.report.data.oda.jdbc.JDBCException: There is an error in get connection, Communications link failure

The last packet sent successfully to the server was 0 milliseconds ago. The driver has not received any packets from the server.. ;
    org.eclipse.datatools.connectivity.oda.OdaException: Unable to find or access the named profile (Funio) in profile store path (ConnectionProfileStore).
	at org.eclipse.birt.report.data.oda.jdbc.JDBCDriverManager.doConnect(JDBCDriverManager.java:339)
	at org.eclipse.birt.report.data.oda.jdbc.JDBCDriverManager.getConnection(JDBCDriverManager.java:236)
	at org.eclipse.birt.report.data.oda.jdbc.Connection.connectByUrl(Connection.java:254)
	at org.eclipse.birt.report.data.oda.jdbc.Connection.open(Connection.java:163)
	at org.eclipse.datatools.connectivity.oda.consumer.helper.OdaConnection.open(OdaConnection.java:250)
	at org.eclipse.birt.data.engine.odaconsumer.ConnectionManager.openConnection(ConnectionManager.java:165)
	at org.eclipse.birt.data.engine.executor.DataSource.newConnection(DataSource.java:224)
	at org.eclipse.birt.data.engine.executor.DataSource.open(DataSource.java:212)
	at org.eclipse.birt.data.engine.impl.DataSourceRuntime.openOdiDataSource(DataSourceRuntime.java:217)
	at org.eclipse.birt.data.engine.impl.QueryExecutor.openDataSource(QueryExecutor.java:437)
	at org.eclipse.birt.data.engine.impl.QueryExecutor.prepareExecution(QueryExecutor.java:325)
	at org.eclipse.birt.data.engine.impl.PreparedQuery.doPrepare(PreparedQuery.java:463)
	at org.eclipse.birt.data.engine.impl.PreparedDataSourceQuery.produceQueryResults(PreparedDataSourceQuery.java:190)
	at org.eclipse.birt.data.engine.impl.PreparedDataSourceQuery.execute(PreparedDataSourceQuery.java:178)
	at org.eclipse.birt.data.engine.impl.PreparedOdaDSQuery.execute(PreparedOdaDSQuery.java:179)
	at org.eclipse.birt.data.engine.impl.PreparedDataSourceQuery.execute(PreparedDataSourceQuery.java:159)
	at org.eclipse.birt.data.engine.impl.PreparedJointDataSourceQuery.populatePreparedQuery(PreparedJointDataSourceQuery.java:557)
	at org.eclipse.birt.data.engine.impl.PreparedJointDataSourceQuery.populatePreparedQuery(PreparedJointDataSourceQuery.java:495)
	at org.eclipse.birt.data.engine.impl.PreparedJointDataSourceQuery.access$2(PreparedJointDataSourceQuery.java:493)
	at org.eclipse.birt.data.engine.impl.PreparedJointDataSourceQuery$JointDataSetQueryExecutor.createOdiQuery(PreparedJointDataSourceQuery.java:589)
	at org.eclipse.birt.data.engine.impl.QueryExecutor.prepareExecution(QueryExecutor.java:333)
	at org.eclipse.birt.data.engine.impl.PreparedQuery.doPrepare(PreparedQuery.java:463)
	at org.eclipse.birt.data.engine.impl.PreparedDataSourceQuery.produceQueryResults(PreparedDataSourceQuery.java:190)
	at org.eclipse.birt.data.engine.impl.PreparedDataSourceQuery.execute(PreparedDataSourceQuery.java:178)
	at org.eclipse.birt.data.engine.impl.PreparedDataSourceQuery.execute(PreparedDataSourceQuery.java:159)
	at org.eclipse.birt.data.engine.impl.PreparedJointDataSourceQuery.populatePreparedQuery(PreparedJointDataSourceQuery.java:557)
	at org.eclipse.birt.data.engine.impl.PreparedJointDataSourceQuery.populatePreparedQuery(PreparedJointDataSourceQuery.java:495)
	at org.eclipse.birt.data.engine.impl.PreparedJointDataSourceQuery.access$2(PreparedJointDataSourceQuery.java:493)
	at org.eclipse.birt.data.engine.impl.PreparedJointDataSourceQuery$JointDataSetQueryExecutor.createOdiQuery(PreparedJointDataSourceQuery.java:589)
	at org.eclipse.birt.data.engine.impl.QueryExecutor.prepareExecution(QueryExecutor.java:333)
	at org.eclipse.birt.data.engine.impl.PreparedQuery.doPrepare(PreparedQuery.java:463)
	at org.eclipse.birt.data.engine.impl.PreparedDataSourceQuery.produceQueryResults(PreparedDataSourceQuery.java:190)
	at org.eclipse.birt.data.engine.impl.PreparedDataSourceQuery.execute(PreparedDataSourceQuery.java:178)
	at org.eclipse.birt.data.engine.impl.PreparedDataSourceQuery.execute(PreparedDataSourceQuery.java:159)
	at org.eclipse.birt.data.engine.impl.PreparedDataSourceQuery.execute(PreparedDataSourceQuery.java:142)
	at org.eclipse.birt.report.data.adapter.impl.QueryExecutionHelper.executeQuery(QueryExecutionHelper.java:138)
	at org.eclipse.birt.report.data.adapter.impl.QueryExecutionHelper.executeQuery(QueryExecutionHelper.java:120)
	at org.eclipse.birt.report.data.adapter.impl.QueryExecutionHelper.executeQuery(QueryExecutionHelper.java:104)
	at org.eclipse.birt.report.data.adapter.impl.DataSetMetaDataHelper.getRuntimeMetaData(DataSetMetaDataHelper.java:196)
	at org.eclipse.birt.report.data.adapter.impl.DataSetMetaDataHelper.getRealMetaData(DataSetMetaDataHelper.java:155)
	at org.eclipse.birt.report.data.adapter.impl.DataSetMetaDataHelper.getDataSetMetaData(DataSetMetaDataHelper.java:117)
	at org.eclipse.birt.report.data.adapter.impl.DataRequestSessionImpl.getDataSetMetaData(DataRequestSessionImpl.java:243)
	at org.eclipse.birt.report.designer.data.ui.util.DataSetProvider.populateAllOutputColumns(DataSetProvider.java:221)
	at org.eclipse.birt.report.designer.data.ui.dataset.OutputColumnsPage.populateOutputColums(OutputColumnsPage.java:430)
	at org.eclipse.birt.report.designer.data.ui.dataset.OutputColumnsPage.updateOutputColumns(OutputColumnsPage.java:374)
	at org.eclipse.birt.report.designer.data.ui.dataset.OutputColumnsPage.pageActivated(OutputColumnsPage.java:245)
	at org.eclipse.birt.report.designer.data.ui.property.AbstractPropertyDialog.showPage(AbstractPropertyDialog.java:588)
	at org.eclipse.birt.report.designer.data.ui.property.AbstractPropertyDialog.showSelectionPage(AbstractPropertyDialog.java:482)
	at org.eclipse.birt.report.designer.data.ui.dataset.DataSetEditor.showSelectionPage(DataSetEditor.java:913)
	at org.eclipse.birt.report.designer.data.ui.property.AbstractPropertyDialog$2$1.run(AbstractPropertyDialog.java:438)
	at org.eclipse.swt.custom.BusyIndicator.showWhile(BusyIndicator.java:70)
	at org.eclipse.birt.report.designer.data.ui.property.AbstractPropertyDialog$2.selectionChanged(AbstractPropertyDialog.java:433)
	at org.eclipse.jface.viewers.Viewer$2.run(Viewer.java:163)
	at org.eclipse.core.runtime.SafeRunner.run(SafeRunner.java:42)
	at org.eclipse.ui.internal.JFaceUtil$1.run(JFaceUtil.java:50)
	at org.eclipse.jface.util.SafeRunnable.run(SafeRunnable.java:173)
	at org.eclipse.jface.viewers.Viewer.fireSelectionChanged(Viewer.java:160)
	at org.eclipse.jface.viewers.StructuredViewer.updateSelection(StructuredViewer.java:2197)
	at org.eclipse.jface.viewers.StructuredViewer.handleSelect(StructuredViewer.java:1228)
	at org.eclipse.jface.viewers.StructuredViewer$4.widgetSelected(StructuredViewer.java:1257)
	at org.eclipse.jface.util.OpenStrategy.fireSelectionEvent(OpenStrategy.java:242)
	at org.eclipse.jface.util.OpenStrategy.access$4(OpenStrategy.java:236)
	at org.eclipse.jface.util.OpenStrategy$1.handleEvent(OpenStrategy.java:408)
	at org.eclipse.swt.widgets.EventTable.sendEvent(EventTable.java:84)
	at org.eclipse.swt.widgets.Display.sendEvent(Display.java:4230)
	at org.eclipse.swt.widgets.Widget.sendEvent(Widget.java:1491)
	at org.eclipse.swt.widgets.Widget.sendEvent(Widget.java:1514)
	at org.eclipse.swt.widgets.Widget.sendEvent(Widget.java:1499)
	at org.eclipse.swt.widgets.Widget.notifyListeners(Widget.java:1299)
	at org.eclipse.swt.widgets.Display.runDeferredEvents(Display.java:4072)
	at org.eclipse.swt.widgets.Display.applicationNextEventMatchingMask(Display.java:5045)
	at org.eclipse.swt.widgets.Display.applicationProc(Display.java:5432)
	at org.eclipse.swt.internal.cocoa.OS.objc_msgSendSuper(Native Method)
	at org.eclipse.swt.widgets.Widget.callSuper(Widget.java:227)
	at org.eclipse.swt.widgets.Widget.mouseDownSuper(Widget.java:1121)
	at org.eclipse.swt.widgets.Tree.mouseDownSuper(Tree.java:2047)
	at org.eclipse.swt.widgets.Widget.mouseDown(Widget.java:1113)
	at org.eclipse.swt.widgets.Control.mouseDown(Control.java:2569)
	at org.eclipse.swt.widgets.Tree.mouseDown(Tree.java:2015)
	at org.eclipse.swt.widgets.Display.windowProc(Display.java:5692)
	at org.eclipse.swt.internal.cocoa.OS.objc_msgSendSuper(Native Method)
	at org.eclipse.swt.widgets.Widget.callSuper(Widget.java:227)
	at org.eclipse.swt.widgets.Widget.windowSendEvent(Widget.java:2130)
	at org.eclipse.swt.widgets.Shell.windowSendEvent(Shell.java:2337)
	at org.eclipse.swt.widgets.Display.windowProc(Display.java:5756)
	at org.eclipse.swt.internal.cocoa.OS.objc_msgSendSuper(Native Method)
	at org.eclipse.swt.widgets.Display.applicationSendEvent(Display.java:5193)
	at org.eclipse.swt.widgets.Display.applicationProc(Display.java:5342)
	at org.eclipse.swt.internal.cocoa.OS.objc_msgSend(Native Method)
	at org.eclipse.swt.internal.cocoa.NSApplication.sendEvent(NSApplication.java:128)
	at org.eclipse.swt.widgets.Display.readAndDispatch(Display.java:3695)
	at org.eclipse.jface.window.Window.runEventLoop(Window.java:827)
	at org.eclipse.jface.window.Window.open(Window.java:803)
	at org.eclipse.birt.report.designer.ui.dialogs.BaseDialog.open(BaseDialog.java:117)
	at org.eclipse.birt.report.designer.data.ui.actions.EditDataSetAction.doAction(EditDataSetAction.java:105)
	at org.eclipse.birt.report.designer.internal.ui.views.actions.AbstractElementAction.run(AbstractElementAction.java:70)
	at org.eclipse.jface.action.Action.runWithEvent(Action.java:473)
	at org.eclipse.jface.action.ActionContributionItem.handleWidgetSelection(ActionContributionItem.java:595)
	at org.eclipse.jface.action.ActionContributionItem.access$2(ActionContributionItem.java:511)
	at org.eclipse.jface.action.ActionContributionItem$5.handleEvent(ActionContributionItem.java:420)
	at org.eclipse.swt.widgets.EventTable.sendEvent(EventTable.java:84)
	at org.eclipse.swt.widgets.Display.sendEvent(Display.java:4230)
	at org.eclipse.swt.widgets.Widget.sendEvent(Widget.java:1491)
	at org.eclipse.swt.widgets.Widget.sendEvent(Widget.java:1514)
	at org.eclipse.swt.widgets.Widget.sendEvent(Widget.java:1499)
	at org.eclipse.swt.widgets.Widget.notifyListeners(Widget.java:1299)
	at org.eclipse.swt.widgets.Display.runDeferredEvents(Display.java:4072)
	at org.eclipse.swt.widgets.Display.readAndDispatch(Display.java:3698)
	at org.eclipse.e4.ui.internal.workbench.swt.PartRenderingEngine$4.run(PartRenderingEngine.java:1127)
	at org.eclipse.core.databinding.observable.Realm.runWithDefault(Realm.java:337)
	at org.eclipse.e4.ui.internal.workbench.swt.PartRenderingEngine.run(PartRenderingEngine.java:1018)
	at org.eclipse.e4.ui.internal.workbench.E4Workbench.createAndRunUI(E4Workbench.java:156)
	at org.eclipse.ui.internal.Workbench$5.run(Workbench.java:654)
	at org.eclipse.core.databinding.observable.Realm.runWithDefault(Realm.java:337)
	at org.eclipse.ui.internal.Workbench.createAndRunWorkbench(Workbench.java:598)
	at org.eclipse.ui.PlatformUI.createAndRunWorkbench(PlatformUI.java:150)
	at org.eclipse.ui.internal.ide.application.IDEApplication.start(IDEApplication.java:139)
	at org.eclipse.equinox.internal.app.EclipseAppHandle.run(EclipseAppHandle.java:196)
	at org.eclipse.core.runtime.internal.adaptor.EclipseAppLauncher.runApplication(EclipseAppLauncher.java:134)
	at org.eclipse.core.runtime.internal.adaptor.EclipseAppLauncher.start(EclipseAppLauncher.java:104)
	at org.eclipse.core.runtime.adaptor.EclipseStarter.run(EclipseStarter.java:380)
	at org.eclipse.core.runtime.adaptor.EclipseStarter.run(EclipseStarter.java:235)
	at sun.reflect.NativeMethodAccessorImpl.invoke0(Native Method)
	at sun.reflect.NativeMethodAccessorImpl.invoke(NativeMethodAccessorImpl.java:62)
	at sun.reflect.DelegatingMethodAccessorImpl.invoke(DelegatingMethodAccessorImpl.java:43)
	at java.lang.reflect.Method.invoke(Method.java:497)
	at org.eclipse.equinox.launcher.Main.invokeFramework(Main.java:669)
	at org.eclipse.equinox.launcher.Main.basicRun(Main.java:608)
	at org.eclipse.equinox.launcher.Main.run(Main.java:1515)

avr. 03, 2016 10:41:53 AM org.eclipse.birt.data.engine.odaconsumer.ConnectionManager openConnection
GRAVE: Unable to open connection.
org.eclipse.birt.report.data.oda.jdbc.JDBCException: There is an error in get connection, Communications link failure

The last packet sent successfully to the server was 0 milliseconds ago. The driver has not received any packets from the server.. ;
    org.eclipse.datatools.connectivity.oda.OdaException: Unable to find or access the named profile (Funio) in profile store path (ConnectionProfileStore).
	at org.eclipse.birt.report.data.oda.jdbc.JDBCDriverManager.doConnect(JDBCDriverManager.java:339)
	at org.eclipse.birt.report.data.oda.jdbc.JDBCDriverManager.getConnection(JDBCDriverManager.java:236)
	at org.eclipse.birt.report.data.oda.jdbc.Connection.connectByUrl(Connection.java:254)
	at org.eclipse.birt.report.data.oda.jdbc.Connection.open(Connection.java:163)
	at org.eclipse.datatools.connectivity.oda.consumer.helper.OdaConnection.open(OdaConnection.java:250)
	at org.eclipse.birt.data.engine.odaconsumer.ConnectionManager.openConnection(ConnectionManager.java:165)
	at org.eclipse.birt.data.engine.executor.DataSource.newConnection(DataSource.java:224)
	at org.eclipse.birt.data.engine.executor.DataSource.open(DataSource.java:212)
	at org.eclipse.birt.data.engine.impl.DataSourceRuntime.openOdiDataSource(DataSourceRuntime.java:217)
	at org.eclipse.birt.data.engine.impl.QueryExecutor.openDataSource(QueryExecutor.java:437)
	at org.eclipse.birt.data.engine.impl.QueryExecutor.prepareExecution(QueryExecutor.java:325)
	at org.eclipse.birt.data.engine.impl.PreparedQuery.doPrepare(PreparedQuery.java:463)
	at org.eclipse.birt.data.engine.impl.PreparedDataSourceQuery.produceQueryResults(PreparedDataSourceQuery.java:190)
	at org.eclipse.birt.data.engine.impl.PreparedDataSourceQuery.execute(PreparedDataSourceQuery.java:178)
	at org.eclipse.birt.data.engine.impl.PreparedOdaDSQuery.execute(PreparedOdaDSQuery.java:179)
	at org.eclipse.birt.data.engine.impl.PreparedDataSourceQuery.execute(PreparedDataSourceQuery.java:159)
	at org.eclipse.birt.data.engine.impl.PreparedJointDataSourceQuery.populatePreparedQuery(PreparedJointDataSourceQuery.java:557)
	at org.eclipse.birt.data.engine.impl.PreparedJointDataSourceQuery.populatePreparedQuery(PreparedJointDataSourceQuery.java:495)
	at org.eclipse.birt.data.engine.impl.PreparedJointDataSourceQuery.access$2(PreparedJointDataSourceQuery.java:493)
	at org.eclipse.birt.data.engine.impl.PreparedJointDataSourceQuery$JointDataSetQueryExecutor.createOdiQuery(PreparedJointDataSourceQuery.java:589)
	at org.eclipse.birt.data.engine.impl.QueryExecutor.prepareExecution(QueryExecutor.java:333)
	at org.eclipse.birt.data.engine.impl.PreparedQuery.doPrepare(PreparedQuery.java:463)
	at org.eclipse.birt.data.engine.impl.PreparedDataSourceQuery.produceQueryResults(PreparedDataSourceQuery.java:190)
	at org.eclipse.birt.data.engine.impl.PreparedDataSourceQuery.execute(PreparedDataSourceQuery.java:178)
	at org.eclipse.birt.data.engine.impl.PreparedDataSourceQuery.execute(PreparedDataSourceQuery.java:159)
	at org.eclipse.birt.data.engine.impl.PreparedJointDataSourceQuery.populatePreparedQuery(PreparedJointDataSourceQuery.java:557)
	at org.eclipse.birt.data.engine.impl.PreparedJointDataSourceQuery.populatePreparedQuery(PreparedJointDataSourceQuery.java:495)
	at org.eclipse.birt.data.engine.impl.PreparedJointDataSourceQuery.access$2(PreparedJointDataSourceQuery.java:493)
	at org.eclipse.birt.data.engine.impl.PreparedJointDataSourceQuery$JointDataSetQueryExecutor.createOdiQuery(PreparedJointDataSourceQuery.java:589)
	at org.eclipse.birt.data.engine.impl.QueryExecutor.prepareExecution(QueryExecutor.java:333)
	at org.eclipse.birt.data.engine.impl.PreparedQuery.doPrepare(PreparedQuery.java:463)
	at org.eclipse.birt.data.engine.impl.PreparedDataSourceQuery.produceQueryResults(PreparedDataSourceQuery.java:190)
	at org.eclipse.birt.data.engine.impl.PreparedDataSourceQuery.execute(PreparedDataSourceQuery.java:178)
	at org.eclipse.birt.data.engine.impl.PreparedDataSourceQuery.execute(PreparedDataSourceQuery.java:159)
	at org.eclipse.birt.data.engine.impl.PreparedDataSourceQuery.execute(PreparedDataSourceQuery.java:142)
	at org.eclipse.birt.report.data.adapter.impl.QueryExecutionHelper.executeQuery(QueryExecutionHelper.java:138)
	at org.eclipse.birt.report.data.adapter.impl.QueryExecutionHelper.executeQuery(QueryExecutionHelper.java:120)
	at org.eclipse.birt.report.data.adapter.impl.QueryExecutionHelper.executeQuery(QueryExecutionHelper.java:104)
	at org.eclipse.birt.report.data.adapter.impl.DataSetMetaDataHelper.getRuntimeMetaData(DataSetMetaDataHelper.java:196)
	at org.eclipse.birt.report.data.adapter.impl.DataSetMetaDataHelper.getRealMetaData(DataSetMetaDataHelper.java:155)
	at org.eclipse.birt.report.data.adapter.impl.DataSetMetaDataHelper.getDataSetMetaData(DataSetMetaDataHelper.java:117)
	at org.eclipse.birt.report.data.adapter.impl.DataRequestSessionImpl.getDataSetMetaData(DataRequestSessionImpl.java:243)
	at org.eclipse.birt.report.designer.data.ui.util.DataSetProvider.populateAllOutputColumns(DataSetProvider.java:221)
	at org.eclipse.birt.report.designer.data.ui.util.DataSetProvider.getColumns(DataSetProvider.java:177)
	at org.eclipse.birt.report.designer.data.ui.dataset.DataSetEditor$ItemModelManager.getCurrentItemModel(DataSetEditor.java:1095)
	at org.eclipse.birt.report.designer.data.ui.dataset.DataSetEditor.getCurrentItemModel(DataSetEditor.java:635)
	at org.eclipse.birt.report.designer.data.ui.dataset.DataSetComputedColumnsPage.refreshColumnNames(DataSetComputedColumnsPage.java:310)
	at org.eclipse.birt.report.designer.data.ui.dataset.DataSetComputedColumnsPage.pageActivated(DataSetComputedColumnsPage.java:287)
	at org.eclipse.birt.report.designer.data.ui.property.AbstractPropertyDialog.showPage(AbstractPropertyDialog.java:588)
	at org.eclipse.birt.report.designer.data.ui.property.AbstractPropertyDialog.showSelectionPage(AbstractPropertyDialog.java:482)
	at org.eclipse.birt.report.designer.data.ui.dataset.DataSetEditor.showSelectionPage(DataSetEditor.java:913)
	at org.eclipse.birt.report.designer.data.ui.property.AbstractPropertyDialog$2$1.run(AbstractPropertyDialog.java:438)
	at org.eclipse.swt.custom.BusyIndicator.showWhile(BusyIndicator.java:70)
	at org.eclipse.birt.report.designer.data.ui.property.AbstractPropertyDialog$2.selectionChanged(AbstractPropertyDialog.java:433)
	at org.eclipse.jface.viewers.Viewer$2.run(Viewer.java:163)
	at org.eclipse.core.runtime.SafeRunner.run(SafeRunner.java:42)
	at org.eclipse.ui.internal.JFaceUtil$1.run(JFaceUtil.java:50)
	at org.eclipse.jface.util.SafeRunnable.run(SafeRunnable.java:173)
	at org.eclipse.jface.viewers.Viewer.fireSelectionChanged(Viewer.java:160)
	at org.eclipse.jface.viewers.StructuredViewer.updateSelection(StructuredViewer.java:2197)
	at org.eclipse.jface.viewers.StructuredViewer.handleSelect(StructuredViewer.java:1228)
	at org.eclipse.jface.viewers.StructuredViewer$4.widgetSelected(StructuredViewer.java:1257)
	at org.eclipse.jface.util.OpenStrategy.fireSelectionEvent(OpenStrategy.java:242)
	at org.eclipse.jface.util.OpenStrategy.access$4(OpenStrategy.java:236)
	at org.eclipse.jface.util.OpenStrategy$1.handleEvent(OpenStrategy.java:408)
	at org.eclipse.swt.widgets.EventTable.sendEvent(EventTable.java:84)
	at org.eclipse.swt.widgets.Display.sendEvent(Display.java:4230)
	at org.eclipse.swt.widgets.Widget.sendEvent(Widget.java:1491)
	at org.eclipse.swt.widgets.Widget.sendEvent(Widget.java:1514)
	at org.eclipse.swt.widgets.Widget.sendEvent(Widget.java:1499)
	at org.eclipse.swt.widgets.Widget.notifyListeners(Widget.java:1299)
	at org.eclipse.swt.widgets.Display.runDeferredEvents(Display.java:4072)
	at org.eclipse.swt.widgets.Display.applicationNextEventMatchingMask(Display.java:5045)
	at org.eclipse.swt.widgets.Display.applicationProc(Display.java:5432)
	at org.eclipse.swt.internal.cocoa.OS.objc_msgSendSuper(Native Method)
	at org.eclipse.swt.widgets.Widget.callSuper(Widget.java:227)
	at org.eclipse.swt.widgets.Widget.mouseDownSuper(Widget.java:1121)
	at org.eclipse.swt.widgets.Tree.mouseDownSuper(Tree.java:2047)
	at org.eclipse.swt.widgets.Widget.mouseDown(Widget.java:1113)
	at org.eclipse.swt.widgets.Control.mouseDown(Control.java:2569)
	at org.eclipse.swt.widgets.Tree.mouseDown(Tree.java:2015)
	at org.eclipse.swt.widgets.Display.windowProc(Display.java:5692)
	at org.eclipse.swt.internal.cocoa.OS.objc_msgSendSuper(Native Method)
	at org.eclipse.swt.widgets.Widget.callSuper(Widget.java:227)
	at org.eclipse.swt.widgets.Widget.windowSendEvent(Widget.java:2130)
	at org.eclipse.swt.widgets.Shell.windowSendEvent(Shell.java:2337)
	at org.eclipse.swt.widgets.Display.windowProc(Display.java:5756)
	at org.eclipse.swt.internal.cocoa.OS.objc_msgSendSuper(Native Method)
	at org.eclipse.swt.widgets.Display.applicationSendEvent(Display.java:5193)
	at org.eclipse.swt.widgets.Display.applicationProc(Display.java:5342)
	at org.eclipse.swt.internal.cocoa.OS.objc_msgSend(Native Method)
	at org.eclipse.swt.internal.cocoa.NSApplication.sendEvent(NSApplication.java:128)
	at org.eclipse.swt.widgets.Display.readAndDispatch(Display.java:3695)
	at org.eclipse.jface.window.Window.runEventLoop(Window.java:827)
	at org.eclipse.jface.window.Window.open(Window.java:803)
	at org.eclipse.birt.report.designer.ui.dialogs.BaseDialog.open(BaseDialog.java:117)
	at org.eclipse.birt.report.designer.data.ui.actions.EditDataSetAction.doAction(EditDataSetAction.java:105)
	at org.eclipse.birt.report.designer.internal.ui.views.actions.AbstractElementAction.run(AbstractElementAction.java:70)
	at org.eclipse.jface.action.Action.runWithEvent(Action.java:473)
	at org.eclipse.jface.action.ActionContributionItem.handleWidgetSelection(ActionContributionItem.java:595)
	at org.eclipse.jface.action.ActionContributionItem.access$2(ActionContributionItem.java:511)
	at org.eclipse.jface.action.ActionContributionItem$5.handleEvent(ActionContributionItem.java:420)
	at org.eclipse.swt.widgets.EventTable.sendEvent(EventTable.java:84)
	at org.eclipse.swt.widgets.Display.sendEvent(Display.java:4230)
	at org.eclipse.swt.widgets.Widget.sendEvent(Widget.java:1491)
	at org.eclipse.swt.widgets.Widget.sendEvent(Widget.java:1514)
	at org.eclipse.swt.widgets.Widget.sendEvent(Widget.java:1499)
	at org.eclipse.swt.widgets.Widget.notifyListeners(Widget.java:1299)
	at org.eclipse.swt.widgets.Display.runDeferredEvents(Display.java:4072)
	at org.eclipse.swt.widgets.Display.readAndDispatch(Display.java:3698)
	at org.eclipse.e4.ui.internal.workbench.swt.PartRenderingEngine$4.run(PartRenderingEngine.java:1127)
	at org.eclipse.core.databinding.observable.Realm.runWithDefault(Realm.java:337)
	at org.eclipse.e4.ui.internal.workbench.swt.PartRenderingEngine.run(PartRenderingEngine.java:1018)
	at org.eclipse.e4.ui.internal.workbench.E4Workbench.createAndRunUI(E4Workbench.java:156)
	at org.eclipse.ui.internal.Workbench$5.run(Workbench.java:654)
	at org.eclipse.core.databinding.observable.Realm.runWithDefault(Realm.java:337)
	at org.eclipse.ui.internal.Workbench.createAndRunWorkbench(Workbench.java:598)
	at org.eclipse.ui.PlatformUI.createAndRunWorkbench(PlatformUI.java:150)
	at org.eclipse.ui.internal.ide.application.IDEApplication.start(IDEApplication.java:139)
	at org.eclipse.equinox.internal.app.EclipseAppHandle.run(EclipseAppHandle.java:196)
	at org.eclipse.core.runtime.internal.adaptor.EclipseAppLauncher.runApplication(EclipseAppLauncher.java:134)
	at org.eclipse.core.runtime.internal.adaptor.EclipseAppLauncher.start(EclipseAppLauncher.java:104)
	at org.eclipse.core.runtime.adaptor.EclipseStarter.run(EclipseStarter.java:380)
	at org.eclipse.core.runtime.adaptor.EclipseStarter.run(EclipseStarter.java:235)
	at sun.reflect.NativeMethodAccessorImpl.invoke0(Native Method)
	at sun.reflect.NativeMethodAccessorImpl.invoke(NativeMethodAccessorImpl.java:62)
	at sun.reflect.DelegatingMethodAccessorImpl.invoke(DelegatingMethodAccessorImpl.java:43)
	at java.lang.reflect.Method.invoke(Method.java:497)
	at org.eclipse.equinox.launcher.Main.invokeFramework(Main.java:669)
	at org.eclipse.equinox.launcher.Main.basicRun(Main.java:608)
	at org.eclipse.equinox.launcher.Main.run(Main.java:1515)

